2 32 32
2 16 16
2 8 8
2 4 4
2 2 2
2 1 1
4 1 4
1 4 1
2 3 3
4 2 7
2 1 5
4 1 8
4 3 6
3 4 8
1 7 2
2 5 1
1 6 3
1 8 1
3 8 4
2 6 6
2 5 5
4 5 8
1 8 5
2 7 7
4 4 13
2 2 10
2 1 9
4 1 12
1 4 9
2 3 11
4 2 15
2 1 13
4 1 16
4 3 14
3 4 16
4 6 11
2 5 9
4 5 12
4 7 10
3 8 12
3 7 15
3 6 14
4 5 16
1 8 13
3 8 16
1 13 4
2 10 2
2 9 1
4 9 4
1 12 1
2 11 3
1 11 6
2 9 5
1 10 7
1 12 5
3 12 8
1 15 2
2 13 1
1 14 3
1 16 1
3 16 4
3 15 7
3 14 6
4 13 8
1 16 5
3 16 8
2 12 12
2 10 10
2 9 9
4 9 12
1 12 9
2 11 11
4 10 15
2 9 13
4 9 16
4 11 14
3 12 16
1 15 10
2 13 9
1 14 11
1 16 9
3 16 12
2 14 14
2 13 13
4 13 16
1 16 13
2 15 15
4 8 25
2 4 20
2 2 18
2 1 17
4 1 20
1 4 17
2 3 19
4 2 23
2 1 21
4 1 24
4 3 22
3 4 24
1 7 18
2 5 17
1 6 19
1 8 17
3 8 20
2 6 22
2 5 21
4 5 24
1 8 21
2 7 23
4 4 29
2 2 26
2 1 25
4 1 28
1 4 25
2 3 27
4 2 31
2 1 29
4 1 32
4 3 30
3 4 32
4 6 27
2 5 25
4 5 28
4 7 26
3 8 28
3 7 31
3 6 30
4 5 32
1 8 29
3 8 32
4 12 21
2 10 18
2 9 17
4 9 20
1 12 17
2 11 19
4 10 23
2 9 21
4 9 24
4 11 22
3 12 24
4 14 19
2 13 17
4 13 20
4 15 18
3 16 20
3 15 23
3 14 22
4 13 24
1 16 21
3 16 24
3 13 29
3 11 27
3 10 26
4 9 28
1 12 25
3 12 28
4 10 31
2 9 29
4 9 32
4 11 30
3 12 32
1 15 26
2 13 25
1 14 27
1 16 25
3 16 28
3 15 31
3 14 30
4 13 32
1 16 29
3 16 32
1 25 8
2 20 4
2 18 2
2 17 1
4 17 4
1 20 1
2 19 3
4 18 7
2 17 5
4 17 8
4 19 6
3 20 8
1 23 2
2 21 1
1 22 3
1 24 1
3 24 4
2 22 6
2 21 5
4 21 8
1 24 5
2 23 7
1 21 12
2 18 10
2 17 9
4 17 12
1 20 9
2 19 11
1 19 14
2 17 13
1 18 15
1 20 13
3 20 16
1 23 10
2 21 9
1 22 11
1 24 9
3 24 12
3 23 15
3 22 14
4 21 16
1 24 13
3 24 16
1 29 4
2 26 2
2 25 1
4 25 4
1 28 1
2 27 3
1 27 6
2 25 5
1 26 7
1 28 5
3 28 8
1 31 2
2 29 1
1 30 3
1 32 1
3 32 4
3 31 7
3 30 6
4 29 8
1 32 5
3 32 8
3 29 13
3 27 11
3 26 10
4 25 12
1 28 9
3 28 12
4 26 15
2 25 13
4 25 16
4 27 14
3 28 16
1 31 10
2 29 9
1 30 11
1 32 9
3 32 12
3 31 15
3 30 14
4 29 16
1 32 13
3 32 16
2 24 24
2 20 20
2 18 18
2 17 17
4 17 20
1 20 17
2 19 19
4 18 23
2 17 21
4 17 24
4 19 22
3 20 24
1 23 18
2 21 17
1 22 19
1 24 17
3 24 20
2 22 22
2 21 21
4 21 24
1 24 21
2 23 23
4 20 29
2 18 26
2 17 25
4 17 28
1 20 25
2 19 27
4 18 31
2 17 29
4 17 32
4 19 30
3 20 32
4 22 27
2 21 25
4 21 28
4 23 26
3 24 28
3 23 31
3 22 30
4 21 32
1 24 29
3 24 32
1 29 20
2 26 18
2 25 17
4 25 20
1 28 17
2 27 19
1 27 22
2 25 21
1 26 23
1 28 21
3 28 24
1 31 18
2 29 17
1 30 19
1 32 17
3 32 20
3 31 23
3 30 22
4 29 24
1 32 21
3 32 24
2 28 28
2 26 26
2 25 25
4 25 28
1 28 25
2 27 27
4 26 31
2 25 29
4 25 32
4 27 30
3 28 32
1 31 26
2 29 25
1 30 27
1 32 25
3 32 28
2 30 30
2 29 29
4 29 32
1 32 29
2 31 31
4 16 49
2 8 40
2 4 36
2 2 34
2 1 33
4 1 36
1 4 33
2 3 35
4 2 39
2 1 37
4 1 40
4 3 38
3 4 40
1 7 34
2 5 33
1 6 35
1 8 33
3 8 36
2 6 38
2 5 37
4 5 40
1 8 37
2 7 39
4 4 45
2 2 42
2 1 41
4 1 44
1 4 41
2 3 43
4 2 47
2 1 45
4 1 48
4 3 46
3 4 48
4 6 43
2 5 41
4 5 44
4 7 42
3 8 44
3 7 47
3 6 46
4 5 48
1 8 45
3 8 48
1 13 36
2 10 34
2 9 33
4 9 36
1 12 33
2 11 35
1 11 38
2 9 37
1 10 39
1 12 37
3 12 40
1 15 34
2 13 33
1 14 35
1 16 33
3 16 36
3 15 39
3 14 38
4 13 40
1 16 37
3 16 40
2 12 44
2 10 42
2 9 41
4 9 44
1 12 41
2 11 43
4 10 47
2 9 45
4 9 48
4 11 46
3 12 48
1 15 42
2 13 41
1 14 43
1 16 41
3 16 44
2 14 46
2 13 45
4 13 48
1 16 45
2 15 47
4 8 57
2 4 52
2 2 50
2 1 49
4 1 52
1 4 49
2 3 51
4 2 55
2 1 53
4 1 56
4 3 54
3 4 56
1 7 50
2 5 49
1 6 51
1 8 49
3 8 52
2 6 54
2 5 53
4 5 56
1 8 53
2 7 55
4 4 61
2 2 58
2 1 57
4 1 60
1 4 57
2 3 59
4 2 63
2 1 61
4 1 64
4 3 62
3 4 64
4 6 59
2 5 57
4 5 60
4 7 58
3 8 60
3 7 63
3 6 62
4 5 64
1 8 61
3 8 64
4 12 53
2 10 50
2 9 49
4 9 52
1 12 49
2 11 51
4 10 55
2 9 53
4 9 56
4 11 54
3 12 56
4 14 51
2 13 49
4 13 52
4 15 50
3 16 52
3 15 55
3 14 54
4 13 56
1 16 53
3 16 56
3 13 61
3 11 59
3 10 58
4 9 60
1 12 57
3 12 60
4 10 63
2 9 61
4 9 64
4 11 62
3 12 64
1 15 58
2 13 57
1 14 59
1 16 57
3 16 60
3 15 63
3 14 62
4 13 64
1 16 61
3 16 64
4 24 41
2 20 36
2 18 34
2 17 33
4 17 36
1 20 33
2 19 35
4 18 39
2 17 37
4 17 40
4 19 38
3 20 40
1 23 34
2 21 33
1 22 35
1 24 33
3 24 36
2 22 38
2 21 37
4 21 40
1 24 37
2 23 39
4 20 45
2 18 42
2 17 41
4 17 44
1 20 41
2 19 43
4 18 47
2 17 45
4 17 48
4 19 46
3 20 48
4 22 43
2 21 41
4 21 44
4 23 42
3 24 44
3 23 47
3 22 46
4 21 48
1 24 45
3 24 48
4 28 37
2 26 34
2 25 33
4 25 36
1 28 33
2 27 35
4 26 39
2 25 37
4 25 40
4 27 38
3 28 40
4 30 35
2 29 33
4 29 36
4 31 34
3 32 36
3 31 39
3 30 38
4 29 40
1 32 37
3 32 40
3 29 45
3 27 43
3 26 42
4 25 44
1 28 41
3 28 44
4 26 47
2 25 45
4 25 48
4 27 46
3 28 48
1 31 42
2 29 41
1 30 43
1 32 41
3 32 44
3 31 47
3 30 46
4 29 48
1 32 45
3 32 48
3 25 57
3 21 53
3 19 51
3 18 50
4 17 52
1 20 49
3 20 52
4 18 55
2 17 53
4 17 56
4 19 54
3 20 56
1 23 50
2 21 49
1 22 51
1 24 49
3 24 52
3 23 55
3 22 54
4 21 56
1 24 53
3 24 56
4 20 61
2 18 58
2 17 57
4 17 60
1 20 57
2 19 59
4 18 63
2 17 61
4 17 64
4 19 62
3 20 64
4 22 59
2 21 57
4 21 60
4 23 58
3 24 60
3 23 63
3 22 62
4 21 64
1 24 61
3 24 64
1 29 52
2 26 50
2 25 49
4 25 52
1 28 49
2 27 51
1 27 54
2 25 53
1 26 55
1 28 53
3 28 56
1 31 50
2 29 49
1 30 51
1 32 49
3 32 52
3 31 55
3 30 54
4 29 56
1 32 53
3 32 56
3 29 61
3 27 59
3 26 58
4 25 60
1 28 57
3 28 60
4 26 63
2 25 61
4 25 64
4 27 62
3 28 64
1 31 58
2 29 57
1 30 59
1 32 57
3 32 60
3 31 63
3 30 62
4 29 64
1 32 61
3 32 64
1 49 16
2 40 8
2 36 4
2 34 2
2 33 1
4 33 4
1 36 1
2 35 3
4 34 7
2 33 5
4 33 8
4 35 6
3 36 8
1 39 2
2 37 1
1 38 3
1 40 1
3 40 4
2 38 6
2 37 5
4 37 8
1 40 5
2 39 7
4 36 13
2 34 10
2 33 9
4 33 12
1 36 9
2 35 11
4 34 15
2 33 13
4 33 16
4 35 14
3 36 16
4 38 11
2 37 9
4 37 12
4 39 10
3 40 12
3 39 15
3 38 14
4 37 16
1 40 13
3 40 16
1 45 4
2 42 2
2 41 1
4 41 4
1 44 1
2 43 3
1 43 6
2 41 5
1 42 7
1 44 5
3 44 8
1 47 2
2 45 1
1 46 3
1 48 1
3 48 4
3 47 7
3 46 6
4 45 8
1 48 5
3 48 8
2 44 12
2 42 10
2 41 9
4 41 12
1 44 9
2 43 11
4 42 15
2 41 13
4 41 16
4 43 14
3 44 16
1 47 10
2 45 9
1 46 11
1 48 9
3 48 12
2 46 14
2 45 13
4 45 16
1 48 13
2 47 15
1 41 24
2 36 20
2 34 18
2 33 17
4 33 20
1 36 17
2 35 19
4 34 23
2 33 21
4 33 24
4 35 22
3 36 24
1 39 18
2 37 17
1 38 19
1 40 17
3 40 20
2 38 22
2 37 21
4 37 24
1 40 21
2 39 23
1 37 28
2 34 26
2 33 25
4 33 28
1 36 25
2 35 27
1 35 30
2 33 29
1 34 31
1 36 29
3 36 32
1 39 26
2 37 25
1 38 27
1 40 25
3 40 28
3 39 31
3 38 30
4 37 32
1 40 29
3 40 32
1 45 20
2 42 18
2 41 17
4 41 20
1 44 17
2 43 19
1 43 22
2 41 21
1 42 23
1 44 21
3 44 24
1 47 18
2 45 17
1 46 19
1 48 17
3 48 20
3 47 23
3 46 22
4 45 24
1 48 21
3 48 24
3 45 29
3 43 27
3 42 26
4 41 28
1 44 25
3 44 28
4 42 31
2 41 29
4 41 32
4 43 30
3 44 32
1 47 26
2 45 25
1 46 27
1 48 25
3 48 28
3 47 31
3 46 30
4 45 32
1 48 29
3 48 32
1 57 8
2 52 4
2 50 2
2 49 1
4 49 4
1 52 1
2 51 3
4 50 7
2 49 5
4 49 8
4 51 6
3 52 8
1 55 2
2 53 1
1 54 3
1 56 1
3 56 4
2 54 6
2 53 5
4 53 8
1 56 5
2 55 7
1 53 12
2 50 10
2 49 9
4 49 12
1 52 9
2 51 11
1 51 14
2 49 13
1 50 15
1 52 13
3 52 16
1 55 10
2 53 9
1 54 11
1 56 9
3 56 12
3 55 15
3 54 14
4 53 16
1 56 13
3 56 16
1 61 4
2 58 2
2 57 1
4 57 4
1 60 1
2 59 3
1 59 6
2 57 5
1 58 7
1 60 5
3 60 8
1 63 2
2 61 1
1 62 3
1 64 1
3 64 4
3 63 7
3 62 6
4 61 8
1 64 5
3 64 8
3 61 13
3 59 11
3 58 10
4 57 12
1 60 9
3 60 12
4 58 15
2 57 13
4 57 16
4 59 14
3 60 16
1 63 10
2 61 9
1 62 11
1 64 9
3 64 12
3 63 15
3 62 14
4 61 16
1 64 13
3 64 16
3 57 25
3 53 21
3 51 19
3 50 18
4 49 20
1 52 17
3 52 20
4 50 23
2 49 21
4 49 24
4 51 22
3 52 24
1 55 18
2 53 17
1 54 19
1 56 17
3 56 20
3 55 23
3 54 22
4 53 24
1 56 21
3 56 24
4 52 29
2 50 26
2 49 25
4 49 28
1 52 25
2 51 27
4 50 31
2 49 29
4 49 32
4 51 30
3 52 32
4 54 27
2 53 25
4 53 28
4 55 26
3 56 28
3 55 31
3 54 30
4 53 32
1 56 29
3 56 32
1 61 20
2 58 18
2 57 17
4 57 20
1 60 17
2 59 19
1 59 22
2 57 21
1 58 23
1 60 21
3 60 24
1 63 18
2 61 17
1 62 19
1 64 17
3 64 20
3 63 23
3 62 22
4 61 24
1 64 21
3 64 24
3 61 29
3 59 27
3 58 26
4 57 28
1 60 25
3 60 28
4 58 31
2 57 29
4 57 32
4 59 30
3 60 32
1 63 26
2 61 25
1 62 27
1 64 25
3 64 28
3 63 31
3 62 30
4 61 32
1 64 29
3 64 32
2 48 48
2 40 40
2 36 36
2 34 34
2 33 33
4 33 36
1 36 33
2 35 35
4 34 39
2 33 37
4 33 40
4 35 38
3 36 40
1 39 34
2 37 33
1 38 35
1 40 33
3 40 36
2 38 38
2 37 37
4 37 40
1 40 37
2 39 39
4 36 45
2 34 42
2 33 41
4 33 44
1 36 41
2 35 43
4 34 47
2 33 45
4 33 48
4 35 46
3 36 48
4 38 43
2 37 41
4 37 44
4 39 42
3 40 44
3 39 47
3 38 46
4 37 48
1 40 45
3 40 48
1 45 36
2 42 34
2 41 33
4 41 36
1 44 33
2 43 35
1 43 38
2 41 37
1 42 39
1 44 37
3 44 40
1 47 34
2 45 33
1 46 35
1 48 33
3 48 36
3 47 39
3 46 38
4 45 40
1 48 37
3 48 40
2 44 44
2 42 42
2 41 41
4 41 44
1 44 41
2 43 43
4 42 47
2 41 45
4 41 48
4 43 46
3 44 48
1 47 42
2 45 41
1 46 43
1 48 41
3 48 44
2 46 46
2 45 45
4 45 48
1 48 45
2 47 47
4 40 57
2 36 52
2 34 50
2 33 49
4 33 52
1 36 49
2 35 51
4 34 55
2 33 53
4 33 56
4 35 54
3 36 56
1 39 50
2 37 49
1 38 51
1 40 49
3 40 52
2 38 54
2 37 53
4 37 56
1 40 53
2 39 55
4 36 61
2 34 58
2 33 57
4 33 60
1 36 57
2 35 59
4 34 63
2 33 61
4 33 64
4 35 62
3 36 64
4 38 59
2 37 57
4 37 60
4 39 58
3 40 60
3 39 63
3 38 62
4 37 64
1 40 61
3 40 64
4 44 53
2 42 50
2 41 49
4 41 52
1 44 49
2 43 51
4 42 55
2 41 53
4 41 56
4 43 54
3 44 56
4 46 51
2 45 49
4 45 52
4 47 50
3 48 52
3 47 55
3 46 54
4 45 56
1 48 53
3 48 56
3 45 61
3 43 59
3 42 58
4 41 60
1 44 57
3 44 60
4 42 63
2 41 61
4 41 64
4 43 62
3 44 64
1 47 58
2 45 57
1 46 59
1 48 57
3 48 60
3 47 63
3 46 62
4 45 64
1 48 61
3 48 64
1 57 40
2 52 36
2 50 34
2 49 33
4 49 36
1 52 33
2 51 35
4 50 39
2 49 37
4 49 40
4 51 38
3 52 40
1 55 34
2 53 33
1 54 35
1 56 33
3 56 36
2 54 38
2 53 37
4 53 40
1 56 37
2 55 39
1 53 44
2 50 42
2 49 41
4 49 44
1 52 41
2 51 43
1 51 46
2 49 45
1 50 47
1 52 45
3 52 48
1 55 42
2 53 41
1 54 43
1 56 41
3 56 44
3 55 47
3 54 46
4 53 48
1 56 45
3 56 48
1 61 36
2 58 34
2 57 33
4 57 36
1 60 33
2 59 35
1 59 38
2 57 37
1 58 39
1 60 37
3 60 40
1 63 34
2 61 33
1 62 35
1 64 33
3 64 36
3 63 39
3 62 38
4 61 40
1 64 37
3 64 40
3 61 45
3 59 43
3 58 42
4 57 44
1 60 41
3 60 44
4 58 47
2 57 45
4 57 48
4 59 46
3 60 48
1 63 42
2 61 41
1 62 43
1 64 41
3 64 44
3 63 47
3 62 46
4 61 48
1 64 45
3 64 48
3 57 57
3 53 53
4 50 51
2 49 49
4 49 52
2 51 49
3 52 52
4 50 55
2 49 53
4 49 56
4 51 54
3 52 56
1 55 50
2 53 49
1 54 51
1 56 49
3 56 52
3 55 55
3 54 54
4 53 56
1 56 53
3 56 56
4 52 61
2 50 58
2 49 57
4 49 60
1 52 57
2 51 59
4 50 63
2 49 61
4 49 64
4 51 62
3 52 64
4 54 59
2 53 57
4 53 60
4 55 58
3 56 60
3 55 63
3 54 62
4 53 64
1 56 61
3 56 64
1 61 52
2 58 50
2 57 49
4 57 52
1 60 49
2 59 51
1 59 54
2 57 53
1 58 55
1 60 53
3 60 56
1 63 50
2 61 49
1 62 51
1 64 49
3 64 52
3 63 55
3 62 54
4 61 56
1 64 53
3 64 56
3 61 61
3 59 59
3 58 58
4 57 60
1 60 57
3 60 60
4 58 63
2 57 61
4 57 64
4 59 62
3 60 64
1 63 58
2 61 57
1 62 59
1 64 57
3 64 60
3 63 63
3 62 62
4 61 64
1 64 61
3 64 64
