3 65 65
1 33 32
2 16 16
2 8 8
2 4 4
2 2 2
2 1 1
4 1 4
1 4 1
2 3 3
4 2 7
2 1 5
4 1 8
4 3 6
3 4 8
1 7 2
2 5 1
1 6 3
1 8 1
3 8 4
2 6 6
2 5 5
4 5 8
1 8 5
2 7 7
4 4 13
2 2 10
2 1 9
4 1 12
1 4 9
2 3 11
4 2 15
2 1 13
4 1 16
4 3 14
3 4 16
4 6 11
2 5 9
4 5 12
4 7 10
3 8 12
3 7 15
3 6 14
4 5 16
1 8 13
3 8 16
1 13 4
2 10 2
2 9 1
4 9 4
1 12 1
2 11 3
1 11 6
2 9 5
1 10 7
1 12 5
3 12 8
1 15 2
2 13 1
1 14 3
1 16 1
3 16 4
3 15 7
3 14 6
4 13 8
1 16 5
3 16 8
2 12 12
2 10 10
2 9 9
4 9 12
1 12 9
2 11 11
4 10 15
2 9 13
4 9 16
4 11 14
3 12 16
1 15 10
2 13 9
1 14 11
1 16 9
3 16 12
2 14 14
2 13 13
4 13 16
1 16 13
2 15 15
4 8 25
2 4 20
2 2 18
2 1 17
4 1 20
1 4 17
2 3 19
4 2 23
2 1 21
4 1 24
4 3 22
3 4 24
1 7 18
2 5 17
1 6 19
1 8 17
3 8 20
2 6 22
2 5 21
4 5 24
1 8 21
2 7 23
4 4 29
2 2 26
2 1 25
4 1 28
1 4 25
2 3 27
4 2 31
2 1 29
4 1 32
4 3 30
3 4 32
4 6 27
2 5 25
4 5 28
4 7 26
3 8 28
3 7 31
3 6 30
4 5 32
1 8 29
3 8 32
4 12 21
2 10 18
2 9 17
4 9 20
1 12 17
2 11 19
4 10 23
2 9 21
4 9 24
4 11 22
3 12 24
4 14 19
2 13 17
4 13 20
4 15 18
3 16 20
3 15 23
3 14 22
4 13 24
1 16 21
3 16 24
3 13 29
3 11 27
3 10 26
4 9 28
1 12 25
3 12 28
4 10 31
2 9 29
4 9 32
4 11 30
3 12 32
1 15 26
2 13 25
1 14 27
1 16 25
3 16 28
3 15 31
3 14 30
4 13 32
1 16 29
3 16 32
1 25 8
2 20 4
2 18 2
2 17 1
4 17 4
1 20 1
2 19 3
4 18 7
2 17 5
4 17 8
4 19 6
3 20 8
1 23 2
2 21 1
1 22 3
1 24 1
3 24 4
2 22 6
2 21 5
4 21 8
1 24 5
2 23 7
1 21 12
2 18 10
2 17 9
4 17 12
1 20 9
2 19 11
1 19 14
2 17 13
1 18 15
1 20 13
3 20 16
1 23 10
2 21 9
1 22 11
1 24 9
3 24 12
3 23 15
3 22 14
4 21 16
1 24 13
3 24 16
1 29 4
2 26 2
2 25 1
4 25 4
1 28 1
2 27 3
1 27 6
2 25 5
1 26 7
1 28 5
3 28 8
1 31 2
2 29 1
1 30 3
1 32 1
3 32 4
3 31 7
3 30 6
4 29 8
1 32 5
3 32 8
3 29 13
3 27 11
3 26 10
4 25 12
1 28 9
3 28 12
4 26 15
2 25 13
4 25 16
4 27 14
3 28 16
1 31 10
2 29 9
1 30 11
1 32 9
3 32 12
3 31 15
3 30 14
4 29 16
1 32 13
3 32 16
2 24 24
2 20 20
2 18 18
2 17 17
4 17 20
1 20 17
2 19 19
4 18 23
2 17 21
4 17 24
4 19 22
3 20 24
1 23 18
2 21 17
1 22 19
1 24 17
3 24 20
2 22 22
2 21 21
4 21 24
1 24 21
2 23 23
4 20 29
2 18 26
2 17 25
4 17 28
1 20 25
2 19 27
4 18 31
2 17 29
4 17 32
4 19 30
3 20 32
4 22 27
2 21 25
4 21 28
4 23 26
3 24 28
3 23 31
3 22 30
4 21 32
1 24 29
3 24 32
1 29 20
2 26 18
2 25 17
4 25 20
1 28 17
2 27 19
1 27 22
2 25 21
1 26 23
1 28 21
3 28 24
1 31 18
2 29 17
1 30 19
1 32 17
3 32 20
3 31 23
3 30 22
4 29 24
1 32 21
3 32 24
2 28 28
2 26 26
2 25 25
4 25 28
1 28 25
2 27 27
4 26 31
2 25 29
4 25 32
4 27 30
3 28 32
1 31 26
2 29 25
1 30 27
1 32 25
3 32 28
2 30 30
2 29 29
4 29 32
1 32 29
2 31 31
3 17 49
3 9 41
4 4 37
2 2 34
2 1 33
4 1 36
1 4 33
2 3 35
4 2 39
2 1 37
4 1 40
4 3 38
3 4 40
1 7 34
2 5 33
4 5 36
1 8 33
3 8 36
3 7 39
3 6 38
4 5 40
1 8 37
3 8 40
4 4 45
2 2 42
2 1 41
4 1 44
1 4 41
2 3 43
4 2 47
2 1 45
4 1 48
4 3 46
3 4 48
4 6 43
2 5 41
4 5 44
4 7 42
3 8 44
3 7 47
3 6 46
4 5 48
1 8 45
3 8 48
1 13 36
2 10 34
2 9 33
4 9 36
1 12 33
2 11 35
1 11 38
2 9 37
1 10 39
1 12 37
3 12 40
1 15 34
2 13 33
1 14 35
1 16 33
3 16 36
3 15 39
3 14 38
4 13 40
1 16 37
3 16 40
3 13 45
3 11 43
3 10 42
4 9 44
1 12 41
3 12 44
4 10 47
2 9 45
4 9 48
4 11 46
3 12 48
1 15 42
2 13 41
1 14 43
1 16 41
3 16 44
3 15 47
3 14 46
4 13 48
1 16 45
3 16 48
4 8 57
2 4 52
2 2 50
2 1 49
4 1 52
1 4 49
2 3 51
4 2 55
2 1 53
4 1 56
4 3 54
3 4 56
1 7 50
2 5 49
1 6 51
1 8 49
3 8 52
2 6 54
2 5 53
4 5 56
1 8 53
2 7 55
4 4 61
2 2 58
2 1 57
4 1 60
1 4 57
2 3 59
4 2 63
2 1 61
4 1 64
4 3 62
3 4 64
4 6 59
2 5 57
4 5 60
4 7 58
3 8 60
3 7 63
3 6 62
4 5 64
1 8 61
3 8 64
4 12 53
2 10 50
2 9 49
4 9 52
1 12 49
2 11 51
4 10 55
2 9 53
4 9 56
4 11 54
3 12 56
4 14 51
2 13 49
4 13 52
4 15 50
3 16 52
3 15 55
3 14 54
4 13 56
1 16 53
3 16 56
3 13 61
3 11 59
3 10 58
4 9 60
1 12 57
3 12 60
4 10 63
2 9 61
4 9 64
4 11 62
3 12 64
1 15 58
2 13 57
1 14 59
1 16 57
3 16 60
3 15 63
3 14 62
4 13 64
1 16 61
3 16 64
1 25 40
2 20 36
2 18 34
2 17 33
4 17 36
1 20 33
2 19 35
4 18 39
2 17 37
4 17 40
4 19 38
3 20 40
1 23 34
2 21 33
1 22 35
1 24 33
3 24 36
2 22 38
2 21 37
4 21 40
1 24 37
2 23 39
1 21 44
2 18 42
2 17 41
4 17 44
1 20 41
2 19 43
1 19 46
2 17 45
1 18 47
1 20 45
3 20 48
1 23 42
2 21 41
1 22 43
1 24 41
3 24 44
3 23 47
3 22 46
4 21 48
1 24 45
3 24 48
1 29 36
2 26 34
2 25 33
4 25 36
1 28 33
2 27 35
1 27 38
2 25 37
1 26 39
1 28 37
3 28 40
1 31 34
2 29 33
1 30 35
1 32 33
3 32 36
3 31 39
3 30 38
4 29 40
1 32 37
3 32 40
3 29 45
3 27 43
3 26 42
4 25 44
1 28 41
3 28 44
4 26 47
2 25 45
4 25 48
4 27 46
3 28 48
1 31 42
2 29 41
1 30 43
1 32 41
3 32 44
3 31 47
3 30 46
4 29 48
1 32 45
3 32 48
3 25 57
3 21 53
3 19 51
3 18 50
4 17 52
1 20 49
3 20 52
4 18 55
2 17 53
4 17 56
4 19 54
3 20 56
1 23 50
2 21 49
1 22 51
1 24 49
3 24 52
3 23 55
3 22 54
4 21 56
1 24 53
3 24 56
4 20 61
2 18 58
2 17 57
4 17 60
1 20 57
2 19 59
4 18 63
2 17 61
4 17 64
4 19 62
3 20 64
4 22 59
2 21 57
4 21 60
4 23 58
3 24 60
3 23 63
3 22 62
4 21 64
1 24 61
3 24 64
1 29 52
2 26 50
2 25 49
4 25 52
1 28 49
2 27 51
1 27 54
2 25 53
1 26 55
1 28 53
3 28 56
1 31 50
2 29 49
1 30 51
1 32 49
3 32 52
3 31 55
3 30 54
4 29 56
1 32 53
3 32 56
3 29 61
3 27 59
3 26 58
4 25 60
1 28 57
3 28 60
4 26 63
2 25 61
4 25 64
4 27 62
3 28 64
1 31 58
2 29 57
1 30 59
1 32 57
3 32 60
3 31 63
3 30 62
4 29 64
1 32 61
3 32 64
1 49 16
2 40 8
2 36 4
2 34 2
2 33 1
4 33 4
1 36 1
2 35 3
4 34 7
2 33 5
4 33 8
4 35 6
3 36 8
1 39 2
2 37 1
1 38 3
1 40 1
3 40 4
2 38 6
2 37 5
4 37 8
1 40 5
2 39 7
4 36 13
2 34 10
2 33 9
4 33 12
1 36 9
2 35 11
4 34 15
2 33 13
4 33 16
4 35 14
3 36 16
4 38 11
2 37 9
4 37 12
4 39 10
3 40 12
3 39 15
3 38 14
4 37 16
1 40 13
3 40 16
1 45 4
2 42 2
2 41 1
4 41 4
1 44 1
2 43 3
1 43 6
2 41 5
1 42 7
1 44 5
3 44 8
1 47 2
2 45 1
1 46 3
1 48 1
3 48 4
3 47 7
3 46 6
4 45 8
1 48 5
3 48 8
2 44 12
2 42 10
2 41 9
4 41 12
1 44 9
2 43 11
4 42 15
2 41 13
4 41 16
4 43 14
3 44 16
1 47 10
2 45 9
1 46 11
1 48 9
3 48 12
2 46 14
2 45 13
4 45 16
1 48 13
2 47 15
1 41 24
2 36 20
2 34 18
2 33 17
4 33 20
1 36 17
2 35 19
4 34 23
2 33 21
4 33 24
4 35 22
3 36 24
1 39 18
2 37 17
1 38 19
1 40 17
3 40 20
2 38 22
2 37 21
4 37 24
1 40 21
2 39 23
1 37 28
2 34 26
2 33 25
4 33 28
1 36 25
2 35 27
1 35 30
2 33 29
1 34 31
1 36 29
3 36 32
1 39 26
2 37 25
1 38 27
1 40 25
3 40 28
3 39 31
3 38 30
4 37 32
1 40 29
3 40 32
1 45 20
2 42 18
2 41 17
4 41 20
1 44 17
2 43 19
1 43 22
2 41 21
1 42 23
1 44 21
3 44 24
1 47 18
2 45 17
1 46 19
1 48 17
3 48 20
3 47 23
3 46 22
4 45 24
1 48 21
3 48 24
3 45 29
3 43 27
3 42 26
4 41 28
1 44 25
3 44 28
4 42 31
2 41 29
4 41 32
4 43 30
3 44 32
1 47 26
2 45 25
1 46 27
1 48 25
3 48 28
3 47 31
3 46 30
4 45 32
1 48 29
3 48 32
1 57 8
2 52 4
2 50 2
2 49 1
4 49 4
1 52 1
2 51 3
4 50 7
2 49 5
4 49 8
4 51 6
3 52 8
1 55 2
2 53 1
1 54 3
1 56 1
3 56 4
2 54 6
2 53 5
4 53 8
1 56 5
2 55 7
1 53 12
2 50 10
2 49 9
4 49 12
1 52 9
2 51 11
1 51 14
2 49 13
1 50 15
1 52 13
3 52 16
1 55 10
2 53 9
1 54 11
1 56 9
3 56 12
3 55 15
3 54 14
4 53 16
1 56 13
3 56 16
1 61 4
2 58 2
2 57 1
4 57 4
1 60 1
2 59 3
1 59 6
2 57 5
1 58 7
1 60 5
3 60 8
1 63 2
2 61 1
1 62 3
1 64 1
3 64 4
3 63 7
3 62 6
4 61 8
1 64 5
3 64 8
3 61 13
3 59 11
3 58 10
4 57 12
1 60 9
3 60 12
4 58 15
2 57 13
4 57 16
4 59 14
3 60 16
1 63 10
2 61 9
1 62 11
1 64 9
3 64 12
3 63 15
3 62 14
4 61 16
1 64 13
3 64 16
3 57 25
3 53 21
3 51 19
3 50 18
4 49 20
1 52 17
3 52 20
4 50 23
2 49 21
4 49 24
4 51 22
3 52 24
1 55 18
2 53 17
1 54 19
1 56 17
3 56 20
3 55 23
3 54 22
4 53 24
1 56 21
3 56 24
4 52 29
2 50 26
2 49 25
4 49 28
1 52 25
2 51 27
4 50 31
2 49 29
4 49 32
4 51 30
3 52 32
4 54 27
2 53 25
4 53 28
4 55 26
3 56 28
3 55 31
3 54 30
4 53 32
1 56 29
3 56 32
1 61 20
2 58 18
2 57 17
4 57 20
1 60 17
2 59 19
1 59 22
2 57 21
1 58 23
1 60 21
3 60 24
1 63 18
2 61 17
1 62 19
1 64 17
3 64 20
3 63 23
3 62 22
4 61 24
1 64 21
3 64 24
3 61 29
3 59 27
3 58 26
4 57 28
1 60 25
3 60 28
4 58 31
2 57 29
4 57 32
4 59 30
3 60 32
1 63 26
2 61 25
1 62 27
1 64 25
3 64 28
3 63 31
3 62 30
4 61 32
1 64 29
3 64 32
3 49 49
3 41 41
3 37 37
3 35 35
3 34 34
4 33 36
1 36 33
3 36 36
4 34 39
2 33 37
4 33 40
4 35 38
3 36 40
1 39 34
2 37 33
1 38 35
1 40 33
3 40 36
3 39 39
3 38 38
4 37 40
1 40 37
3 40 40
4 36 45
2 34 42
2 33 41
4 33 44
1 36 41
2 35 43
4 34 47
2 33 45
4 33 48
4 35 46
3 36 48
4 38 43
2 37 41
4 37 44
4 39 42
3 40 44
3 39 47
3 38 46
4 37 48
1 40 45
3 40 48
1 45 36
2 42 34
2 41 33
4 41 36
1 44 33
2 43 35
1 43 38
2 41 37
1 42 39
1 44 37
3 44 40
1 47 34
2 45 33
1 46 35
1 48 33
3 48 36
3 47 39
3 46 38
4 45 40
1 48 37
3 48 40
3 45 45
3 43 43
3 42 42
4 41 44
1 44 41
3 44 44
4 42 47
2 41 45
4 41 48
4 43 46
3 44 48
1 47 42
2 45 41
1 46 43
1 48 41
3 48 44
3 47 47
3 46 46
4 45 48
1 48 45
3 48 48
4 40 57
2 36 52
2 34 50
2 33 49
4 33 52
1 36 49
2 35 51
4 34 55
2 33 53
4 33 56
4 35 54
3 36 56
1 39 50
2 37 49
1 38 51
1 40 49
3 40 52
2 38 54
2 37 53
4 37 56
1 40 53
2 39 55
4 36 61
2 34 58
2 33 57
4 33 60
1 36 57
2 35 59
4 34 63
2 33 61
4 33 64
4 35 62
3 36 64
4 38 59
2 37 57
4 37 60
4 39 58
3 40 60
3 39 63
3 38 62
4 37 64
1 40 61
3 40 64
4 44 53
2 42 50
2 41 49
4 41 52
1 44 49
2 43 51
4 42 55
2 41 53
4 41 56
4 43 54
3 44 56
4 46 51
2 45 49
4 45 52
4 47 50
3 48 52
3 47 55
3 46 54
4 45 56
1 48 53
3 48 56
3 45 61
3 43 59
3 42 58
4 41 60
1 44 57
3 44 60
4 42 63
2 41 61
4 41 64
4 43 62
3 44 64
1 47 58
2 45 57
1 46 59
1 48 57
3 48 60
3 47 63
3 46 62
4 45 64
1 48 61
3 48 64
1 57 40
2 52 36
2 50 34
2 49 33
4 49 36
1 52 33
2 51 35
4 50 39
2 49 37
4 49 40
4 51 38
3 52 40
1 55 34
2 53 33
1 54 35
1 56 33
3 56 36
2 54 38
2 53 37
4 53 40
1 56 37
2 55 39
1 53 44
2 50 42
2 49 41
4 49 44
1 52 41
2 51 43
1 51 46
2 49 45
1 50 47
1 52 45
3 52 48
1 55 42
2 53 41
1 54 43
1 56 41
3 56 44
3 55 47
3 54 46
4 53 48
1 56 45
3 56 48
1 61 36
2 58 34
2 57 33
4 57 36
1 60 33
2 59 35
1 59 38
2 57 37
1 58 39
1 60 37
3 60 40
1 63 34
2 61 33
1 62 35
1 64 33
3 64 36
3 63 39
3 62 38
4 61 40
1 64 37
3 64 40
3 61 45
3 59 43
3 58 42
4 57 44
1 60 41
3 60 44
4 58 47
2 57 45
4 57 48
4 59 46
3 60 48
1 63 42
2 61 41
1 62 43
1 64 41
3 64 44
3 63 47
3 62 46
4 61 48
1 64 45
3 64 48
3 57 57
3 53 53
3 51 51
3 50 50
4 49 52
1 52 49
3 52 52
4 50 55
2 49 53
4 49 56
4 51 54
3 52 56
1 55 50
2 53 49
1 54 51
1 56 49
3 56 52
3 55 55
3 54 54
4 53 56
1 56 53
3 56 56
4 52 61
2 50 58
2 49 57
4 49 60
1 52 57
2 51 59
4 50 63
2 49 61
4 49 64
4 51 62
3 52 64
4 54 59
2 53 57
4 53 60
4 55 58
3 56 60
3 55 63
3 54 62
4 53 64
1 56 61
3 56 64
1 61 52
2 58 50
2 57 49
4 57 52
1 60 49
2 59 51
1 59 54
2 57 53
1 58 55
1 60 53
3 60 56
1 63 50
2 61 49
1 62 51
1 64 49
3 64 52
3 63 55
3 62 54
4 61 56
1 64 53
3 64 56
3 61 61
3 59 59
3 58 58
4 57 60
1 60 57
3 60 60
4 58 63
2 57 61
4 57 64
4 59 62
3 60 64
1 63 58
2 61 57
1 62 59
1 64 57
3 64 60
3 63 63
3 62 62
4 61 64
1 64 61
3 64 64
4 32 97
2 16 80
2 8 72
2 4 68
2 2 66
2 1 65
4 1 68
1 4 65
2 3 67
4 2 71
2 1 69
4 1 72
4 3 70
3 4 72
1 7 66
2 5 65
1 6 67
1 8 65
3 8 68
2 6 70
2 5 69
4 5 72
1 8 69
2 7 71
4 4 77
2 2 74
2 1 73
4 1 76
1 4 73
2 3 75
4 2 79
2 1 77
4 1 80
4 3 78
3 4 80
4 6 75
2 5 73
4 5 76
4 7 74
3 8 76
3 7 79
3 6 78
4 5 80
1 8 77
3 8 80
1 13 68
2 10 66
2 9 65
4 9 68
1 12 65
2 11 67
1 11 70
2 9 69
1 10 71
1 12 69
3 12 72
1 15 66
2 13 65
1 14 67
1 16 65
3 16 68
3 15 71
3 14 70
4 13 72
1 16 69
3 16 72
2 12 76
2 10 74
2 9 73
4 9 76
1 12 73
2 11 75
4 10 79
2 9 77
4 9 80
4 11 78
3 12 80
1 15 74
2 13 73
1 14 75
1 16 73
3 16 76
2 14 78
2 13 77
4 13 80
1 16 77
2 15 79
4 8 89
2 4 84
2 2 82
2 1 81
4 1 84
1 4 81
2 3 83
4 2 87
2 1 85
4 1 88
4 3 86
3 4 88
1 7 82
2 5 81
1 6 83
1 8 81
3 8 84
2 6 86
2 5 85
4 5 88
1 8 85
2 7 87
4 4 93
2 2 90
2 1 89
4 1 92
1 4 89
2 3 91
4 2 95
2 1 93
4 1 96
4 3 94
3 4 96
4 6 91
2 5 89
4 5 92
4 7 90
3 8 92
3 7 95
3 6 94
4 5 96
1 8 93
3 8 96
4 12 85
2 10 82
2 9 81
4 9 84
1 12 81
2 11 83
4 10 87
2 9 85
4 9 88
4 11 86
3 12 88
4 14 83
2 13 81
4 13 84
4 15 82
3 16 84
3 15 87
3 14 86
4 13 88
1 16 85
3 16 88
3 13 93
3 11 91
3 10 90
4 9 92
1 12 89
3 12 92
4 10 95
2 9 93
4 9 96
4 11 94
3 12 96
1 15 90
2 13 89
1 14 91
1 16 89
3 16 92
3 15 95
3 14 94
4 13 96
1 16 93
3 16 96
1 25 72
2 20 68
2 18 66
2 17 65
4 17 68
1 20 65
2 19 67
4 18 71
2 17 69
4 17 72
4 19 70
3 20 72
1 23 66
2 21 65
1 22 67
1 24 65
3 24 68
2 22 70
2 21 69
4 21 72
1 24 69
2 23 71
1 21 76
2 18 74
2 17 73
4 17 76
1 20 73
2 19 75
1 19 78
2 17 77
1 18 79
1 20 77
3 20 80
1 23 74
2 21 73
1 22 75
1 24 73
3 24 76
3 23 79
3 22 78
4 21 80
1 24 77
3 24 80
1 29 68
2 26 66
2 25 65
4 25 68
1 28 65
2 27 67
1 27 70
2 25 69
1 26 71
1 28 69
3 28 72
1 31 66
2 29 65
1 30 67
1 32 65
3 32 68
3 31 71
3 30 70
4 29 72
1 32 69
3 32 72
3 29 77
3 27 75
3 26 74
4 25 76
1 28 73
3 28 76
4 26 79
2 25 77
4 25 80
4 27 78
3 28 80
1 31 74
2 29 73
1 30 75
1 32 73
3 32 76
3 31 79
3 30 78
4 29 80
1 32 77
3 32 80
2 24 88
2 20 84
2 18 82
2 17 81
4 17 84
1 20 81
2 19 83
4 18 87
2 17 85
4 17 88
4 19 86
3 20 88
1 23 82
2 21 81
1 22 83
1 24 81
3 24 84
2 22 86
2 21 85
4 21 88
1 24 85
2 23 87
4 20 93
2 18 90
2 17 89
4 17 92
1 20 89
2 19 91
4 18 95
2 17 93
4 17 96
4 19 94
3 20 96
4 22 91
2 21 89
4 21 92
4 23 90
3 24 92
3 23 95
3 22 94
4 21 96
1 24 93
3 24 96
1 29 84
2 26 82
2 25 81
4 25 84
1 28 81
2 27 83
1 27 86
2 25 85
1 26 87
1 28 85
3 28 88
1 31 82
2 29 81
1 30 83
1 32 81
3 32 84
3 31 87
3 30 86
4 29 88
1 32 85
3 32 88
2 28 92
2 26 90
2 25 89
4 25 92
1 28 89
2 27 91
4 26 95
2 25 93
4 25 96
4 27 94
3 28 96
1 31 90
2 29 89
1 30 91
1 32 89
3 32 92
2 30 94
2 29 93
4 29 96
1 32 93
2 31 95
4 16 113
2 8 104
2 4 100
2 2 98
2 1 97
4 1 100
1 4 97
2 3 99
4 2 103
2 1 101
4 1 104
4 3 102
3 4 104
1 7 98
2 5 97
1 6 99
1 8 97
3 8 100
2 6 102
2 5 101
4 5 104
1 8 101
2 7 103
4 4 109
2 2 106
2 1 105
4 1 108
1 4 105
2 3 107
4 2 111
2 1 109
4 1 112
4 3 110
3 4 112
4 6 107
2 5 105
4 5 108
4 7 106
3 8 108
3 7 111
3 6 110
4 5 112
1 8 109
3 8 112
1 13 100
2 10 98
2 9 97
4 9 100
1 12 97
2 11 99
1 11 102
2 9 101
1 10 103
1 12 101
3 12 104
1 15 98
2 13 97
1 14 99
1 16 97
3 16 100
3 15 103
3 14 102
4 13 104
1 16 101
3 16 104
2 12 108
2 10 106
2 9 105
4 9 108
1 12 105
2 11 107
4 10 111
2 9 109
4 9 112
4 11 110
3 12 112
1 15 106
2 13 105
1 14 107
1 16 105
3 16 108
2 14 110
2 13 109
4 13 112
1 16 109
2 15 111
4 8 121
2 4 116
2 2 114
2 1 113
4 1 116
1 4 113
2 3 115
4 2 119
2 1 117
4 1 120
4 3 118
3 4 120
1 7 114
2 5 113
1 6 115
1 8 113
3 8 116
2 6 118
2 5 117
4 5 120
1 8 117
2 7 119
4 4 125
2 2 122
2 1 121
4 1 124
1 4 121
2 3 123
4 2 127
2 1 125
4 1 128
4 3 126
3 4 128
4 6 123
2 5 121
4 5 124
4 7 122
3 8 124
3 7 127
3 6 126
4 5 128
1 8 125
3 8 128
4 12 117
2 10 114
2 9 113
4 9 116
1 12 113
2 11 115
4 10 119
2 9 117
4 9 120
4 11 118
3 12 120
4 14 115
2 13 113
4 13 116
4 15 114
3 16 116
3 15 119
3 14 118
4 13 120
1 16 117
3 16 120
3 13 125
3 11 123
3 10 122
4 9 124
1 12 121
3 12 124
4 10 127
2 9 125
4 9 128
4 11 126
3 12 128
1 15 122
2 13 121
1 14 123
1 16 121
3 16 124
3 15 127
3 14 126
4 13 128
1 16 125
3 16 128
4 24 105
2 20 100
2 18 98
2 17 97
4 17 100
1 20 97
2 19 99
4 18 103
2 17 101
4 17 104
4 19 102
3 20 104
1 23 98
2 21 97
1 22 99
1 24 97
3 24 100
2 22 102
2 21 101
4 21 104
1 24 101
2 23 103
4 20 109
2 18 106
2 17 105
4 17 108
1 20 105
2 19 107
4 18 111
2 17 109
4 17 112
4 19 110
3 20 112
4 22 107
2 21 105
4 21 108
4 23 106
3 24 108
3 23 111
3 22 110
4 21 112
1 24 109
3 24 112
4 28 101
2 26 98
2 25 97
4 25 100
1 28 97
2 27 99
4 26 103
2 25 101
4 25 104
4 27 102
3 28 104
4 30 99
2 29 97
4 29 100
4 31 98
3 32 100
3 31 103
3 30 102
4 29 104
1 32 101
3 32 104
3 29 109
3 27 107
3 26 106
4 25 108
1 28 105
3 28 108
4 26 111
2 25 109
4 25 112
4 27 110
3 28 112
1 31 106
2 29 105
1 30 107
1 32 105
3 32 108
3 31 111
3 30 110
4 29 112
1 32 109
3 32 112
3 25 121
3 21 117
3 19 115
3 18 114
4 17 116
1 20 113
3 20 116
4 18 119
2 17 117
4 17 120
4 19 118
3 20 120
1 23 114
2 21 113
1 22 115
1 24 113
3 24 116
3 23 119
3 22 118
4 21 120
1 24 117
3 24 120
4 20 125
2 18 122
2 17 121
4 17 124
1 20 121
2 19 123
4 18 127
2 17 125
4 17 128
4 19 126
3 20 128
4 22 123
2 21 121
4 21 124
4 23 122
3 24 124
3 23 127
3 22 126
4 21 128
1 24 125
3 24 128
1 29 116
2 26 114
2 25 113
4 25 116
1 28 113
2 27 115
1 27 118
2 25 117
1 26 119
1 28 117
3 28 120
1 31 114
2 29 113
1 30 115
1 32 113
3 32 116
3 31 119
3 30 118
4 29 120
1 32 117
3 32 120
3 29 125
3 27 123
3 26 122
4 25 124
1 28 121
3 28 124
4 26 127
2 25 125
4 25 128
4 27 126
3 28 128
1 31 122
2 29 121
1 30 123
1 32 121
3 32 124
3 31 127
3 30 126
4 29 128
1 32 125
3 32 128
4 48 81
2 40 72
2 36 68
2 34 66
2 33 65
4 33 68
1 36 65
2 35 67
4 34 71
2 33 69
4 33 72
4 35 70
3 36 72
1 39 66
2 37 65
1 38 67
1 40 65
3 40 68
2 38 70
2 37 69
4 37 72
1 40 69
2 39 71
4 36 77
2 34 74
2 33 73
4 33 76
1 36 73
2 35 75
4 34 79
2 33 77
4 33 80
4 35 78
3 36 80
4 38 75
2 37 73
4 37 76
4 39 74
3 40 76
3 39 79
3 38 78
4 37 80
1 40 77
3 40 80
1 45 68
2 42 66
2 41 65
4 41 68
1 44 65
2 43 67
1 43 70
2 41 69
1 42 71
1 44 69
3 44 72
1 47 66
2 45 65
1 46 67
1 48 65
3 48 68
3 47 71
3 46 70
4 45 72
1 48 69
3 48 72
2 44 76
2 42 74
2 41 73
4 41 76
1 44 73
2 43 75
4 42 79
2 41 77
4 41 80
4 43 78
3 44 80
1 47 74
2 45 73
1 46 75
1 48 73
3 48 76
2 46 78
2 45 77
4 45 80
1 48 77
2 47 79
4 40 89
2 36 84
2 34 82
2 33 81
4 33 84
1 36 81
2 35 83
4 34 87
2 33 85
4 33 88
4 35 86
3 36 88
1 39 82
2 37 81
1 38 83
1 40 81
3 40 84
2 38 86
2 37 85
4 37 88
1 40 85
2 39 87
4 36 93
2 34 90
2 33 89
4 33 92
1 36 89
2 35 91
4 34 95
2 33 93
4 33 96
4 35 94
3 36 96
4 38 91
2 37 89
4 37 92
4 39 90
3 40 92
3 39 95
3 38 94
4 37 96
1 40 93
3 40 96
4 44 85
2 42 82
2 41 81
4 41 84
1 44 81
2 43 83
4 42 87
2 41 85
4 41 88
4 43 86
3 44 88
4 46 83
2 45 81
4 45 84
4 47 82
3 48 84
3 47 87
3 46 86
4 45 88
1 48 85
3 48 88
3 45 93
3 43 91
3 42 90
4 41 92
1 44 89
3 44 92
4 42 95
2 41 93
4 41 96
4 43 94
3 44 96
1 47 90
2 45 89
1 46 91
1 48 89
3 48 92
3 47 95
3 46 94
4 45 96
1 48 93
3 48 96
4 56 73
2 52 68
2 50 66
2 49 65
4 49 68
1 52 65
2 51 67
4 50 71
2 49 69
4 49 72
4 51 70
3 52 72
1 55 66
2 53 65
1 54 67
1 56 65
3 56 68
2 54 70
2 53 69
4 53 72
1 56 69
2 55 71
4 52 77
2 50 74
2 49 73
4 49 76
1 52 73
2 51 75
4 50 79
2 49 77
4 49 80
4 51 78
3 52 80
4 54 75
2 53 73
4 53 76
4 55 74
3 56 76
3 55 79
3 54 78
4 53 80
1 56 77
3 56 80
4 60 69
2 58 66
2 57 65
4 57 68
1 60 65
2 59 67
4 58 71
2 57 69
4 57 72
4 59 70
3 60 72
4 62 67
2 61 65
4 61 68
4 63 66
3 64 68
3 63 71
3 62 70
4 61 72
1 64 69
3 64 72
3 61 77
3 59 75
3 58 74
4 57 76
1 60 73
3 60 76
4 58 79
2 57 77
4 57 80
4 59 78
3 60 80
1 63 74
2 61 73
1 62 75
1 64 73
3 64 76
3 63 79
3 62 78
4 61 80
1 64 77
3 64 80
3 57 89
3 53 85
3 51 83
3 50 82
4 49 84
1 52 81
3 52 84
4 50 87
2 49 85
4 49 88
4 51 86
3 52 88
1 55 82
2 53 81
1 54 83
1 56 81
3 56 84
3 55 87
3 54 86
4 53 88
1 56 85
3 56 88
4 52 93
2 50 90
2 49 89
4 49 92
1 52 89
2 51 91
4 50 95
2 49 93
4 49 96
4 51 94
3 52 96
4 54 91
2 53 89
4 53 92
4 55 90
3 56 92
3 55 95
3 54 94
4 53 96
1 56 93
3 56 96
1 61 84
2 58 82
2 57 81
4 57 84
1 60 81
2 59 83
1 59 86
2 57 85
1 58 87
1 60 85
3 60 88
1 63 82
2 61 81
1 62 83
1 64 81
3 64 84
3 63 87
3 62 86
4 61 88
1 64 85
3 64 88
3 61 93
3 59 91
3 58 90
4 57 92
1 60 89
3 60 92
4 58 95
2 57 93
4 57 96
4 59 94
3 60 96
1 63 90
2 61 89
1 62 91
1 64 89
3 64 92
3 63 95
3 62 94
4 61 96
1 64 93
3 64 96
3 49 113
3 41 105
3 37 101
3 35 99
3 34 98
4 33 100
1 36 97
3 36 100
4 34 103
2 33 101
4 33 104
4 35 102
3 36 104
1 39 98
2 37 97
1 38 99
1 40 97
3 40 100
3 39 103
3 38 102
4 37 104
1 40 101
3 40 104
4 36 109
2 34 106
2 33 105
4 33 108
1 36 105
2 35 107
4 34 111
2 33 109
4 33 112
4 35 110
3 36 112
4 38 107
2 37 105
4 37 108
4 39 106
3 40 108
3 39 111
3 38 110
4 37 112
1 40 109
3 40 112
1 45 100
2 42 98
2 41 97
4 41 100
1 44 97
2 43 99
1 43 102
2 41 101
1 42 103
1 44 101
3 44 104
1 47 98
2 45 97
1 46 99
1 48 97
3 48 100
3 47 103
3 46 102
4 45 104
1 48 101
3 48 104
3 45 109
3 43 107
3 42 106
4 41 108
1 44 105
3 44 108
4 42 111
2 41 109
4 41 112
4 43 110
3 44 112
1 47 106
2 45 105
1 46 107
1 48 105
3 48 108
3 47 111
3 46 110
4 45 112
1 48 109
3 48 112
4 40 121
2 36 116
2 34 114
2 33 113
4 33 116
1 36 113
2 35 115
4 34 119
2 33 117
4 33 120
4 35 118
3 36 120
1 39 114
2 37 113
1 38 115
1 40 113
3 40 116
2 38 118
2 37 117
4 37 120
1 40 117
2 39 119
4 36 125
2 34 122
2 33 121
4 33 124
1 36 121
2 35 123
4 34 127
2 33 125
4 33 128
4 35 126
3 36 128
4 38 123
2 37 121
4 37 124
4 39 122
3 40 124
3 39 127
3 38 126
4 37 128
1 40 125
3 40 128
4 44 117
2 42 114
2 41 113
4 41 116
1 44 113
2 43 115
4 42 119
2 41 117
4 41 120
4 43 118
3 44 120
4 46 115
2 45 113
4 45 116
4 47 114
3 48 116
3 47 119
3 46 118
4 45 120
1 48 117
3 48 120
3 45 125
3 43 123
3 42 122
4 41 124
1 44 121
3 44 124
4 42 127
2 41 125
4 41 128
4 43 126
3 44 128
1 47 122
2 45 121
1 46 123
1 48 121
3 48 124
3 47 127
3 46 126
4 45 128
1 48 125
3 48 128
1 57 104
2 52 100
2 50 98
2 49 97
4 49 100
1 52 97
2 51 99
4 50 103
2 49 101
4 49 104
4 51 102
3 52 104
1 55 98
2 53 97
1 54 99
1 56 97
3 56 100
2 54 102
2 53 101
4 53 104
1 56 101
2 55 103
1 53 108
2 50 106
2 49 105
4 49 108
1 52 105
2 51 107
1 51 110
2 49 109
1 50 111
1 52 109
3 52 112
1 55 106
2 53 105
1 54 107
1 56 105
3 56 108
3 55 111
3 54 110
4 53 112
1 56 109
3 56 112
1 61 100
2 58 98
2 57 97
4 57 100
1 60 97
2 59 99
1 59 102
2 57 101
1 58 103
1 60 101
3 60 104
1 63 98
2 61 97
1 62 99
1 64 97
3 64 100
3 63 103
3 62 102
4 61 104
1 64 101
3 64 104
3 61 109
3 59 107
3 58 106
4 57 108
1 60 105
3 60 108
4 58 111
2 57 109
4 57 112
4 59 110
3 60 112
1 63 106
2 61 105
1 62 107
1 64 105
3 64 108
3 63 111
3 62 110
4 61 112
1 64 109
3 64 112
3 57 121
3 53 117
3 51 115
3 50 114
4 49 116
1 52 113
3 52 116
4 50 119
2 49 117
4 49 120
4 51 118
3 52 120
1 55 114
2 53 113
1 54 115
1 56 113
3 56 116
3 55 119
3 54 118
4 53 120
1 56 117
3 56 120
4 52 125
2 50 122
2 49 121
4 49 124
1 52 121
2 51 123
4 50 127
2 49 125
4 49 128
4 51 126
3 52 128
4 54 123
2 53 121
4 53 124
4 55 122
3 56 124
3 55 127
3 54 126
4 53 128
1 56 125
3 56 128
1 61 116
2 58 114
2 57 113
4 57 116
1 60 113
2 59 115
1 59 118
2 57 117
1 58 119
1 60 117
3 60 120
1 63 114
2 61 113
1 62 115
1 64 113
3 64 116
3 63 119
3 62 118
4 61 120
1 64 117
3 64 120
3 61 125
3 59 123
3 58 122
4 57 124
1 60 121
3 60 124
4 58 127
2 57 125
4 57 128
4 59 126
3 60 128
1 63 122
2 61 121
1 62 123
1 64 121
3 64 124
3 63 127
3 62 126
4 61 128
1 64 125
3 64 128
1 97 32
2 80 16
2 72 8
2 68 4
2 66 2
2 65 1
4 65 4
1 68 1
2 67 3
4 66 7
2 65 5
4 65 8
4 67 6
3 68 8
1 71 2
2 69 1
1 70 3
1 72 1
3 72 4
2 70 6
2 69 5
4 69 8
1 72 5
2 71 7
4 68 13
2 66 10
2 65 9
4 65 12
1 68 9
2 67 11
4 66 15
2 65 13
4 65 16
4 67 14
3 68 16
4 70 11
2 69 9
4 69 12
4 71 10
3 72 12
3 71 15
3 70 14
4 69 16
1 72 13
3 72 16
1 77 4
2 74 2
2 73 1
4 73 4
1 76 1
2 75 3
1 75 6
2 73 5
1 74 7
1 76 5
3 76 8
1 79 2
2 77 1
1 78 3
1 80 1
3 80 4
3 79 7
3 78 6
4 77 8
1 80 5
3 80 8
2 76 12
2 74 10
2 73 9
4 73 12
1 76 9
2 75 11
4 74 15
2 73 13
4 73 16
4 75 14
3 76 16
1 79 10
2 77 9
1 78 11
1 80 9
3 80 12
2 78 14
2 77 13
4 77 16
1 80 13
2 79 15
4 72 25
2 68 20
2 66 18
2 65 17
4 65 20
1 68 17
2 67 19
4 66 23
2 65 21
4 65 24
4 67 22
3 68 24
1 71 18
2 69 17
1 70 19
1 72 17
3 72 20
2 70 22
2 69 21
4 69 24
1 72 21
2 71 23
4 68 29
2 66 26
2 65 25
4 65 28
1 68 25
2 67 27
4 66 31
2 65 29
4 65 32
4 67 30
3 68 32
4 70 27
2 69 25
4 69 28
4 71 26
3 72 28
3 71 31
3 70 30
4 69 32
1 72 29
3 72 32
4 76 21
2 74 18
2 73 17
4 73 20
1 76 17
2 75 19
4 74 23
2 73 21
4 73 24
4 75 22
3 76 24
4 78 19
2 77 17
4 77 20
4 79 18
3 80 20
3 79 23
3 78 22
4 77 24
1 80 21
3 80 24
3 77 29
3 75 27
3 74 26
4 73 28
1 76 25
3 76 28
4 74 31
2 73 29
4 73 32
4 75 30
3 76 32
1 79 26
2 77 25
1 78 27
1 80 25
3 80 28
3 79 31
3 78 30
4 77 32
1 80 29
3 80 32
1 89 8
2 84 4
2 82 2
2 81 1
4 81 4
1 84 1
2 83 3
4 82 7
2 81 5
4 81 8
4 83 6
3 84 8
1 87 2
2 85 1
1 86 3
1 88 1
3 88 4
2 86 6
2 85 5
4 85 8
1 88 5
2 87 7
1 85 12
2 82 10
2 81 9
4 81 12
1 84 9
2 83 11
1 83 14
2 81 13
1 82 15
1 84 13
3 84 16
1 87 10
2 85 9
1 86 11
1 88 9
3 88 12
3 87 15
3 86 14
4 85 16
1 88 13
3 88 16
1 93 4
2 90 2
2 89 1
4 89 4
1 92 1
2 91 3
1 91 6
2 89 5
1 90 7
1 92 5
3 92 8
1 95 2
2 93 1
1 94 3
1 96 1
3 96 4
3 95 7
3 94 6
4 93 8
1 96 5
3 96 8
3 93 13
3 91 11
3 90 10
4 89 12
1 92 9
3 92 12
4 90 15
2 89 13
4 89 16
4 91 14
3 92 16
1 95 10
2 93 9
1 94 11
1 96 9
3 96 12
3 95 15
3 94 14
4 93 16
1 96 13
3 96 16
2 88 24
2 84 20
2 82 18
2 81 17
4 81 20
1 84 17
2 83 19
4 82 23
2 81 21
4 81 24
4 83 22
3 84 24
1 87 18
2 85 17
1 86 19
1 88 17
3 88 20
2 86 22
2 85 21
4 85 24
1 88 21
2 87 23
4 84 29
2 82 26
2 81 25
4 81 28
1 84 25
2 83 27
4 82 31
2 81 29
4 81 32
4 83 30
3 84 32
4 86 27
2 85 25
4 85 28
4 87 26
3 88 28
3 87 31
3 86 30
4 85 32
1 88 29
3 88 32
1 93 20
2 90 18
2 89 17
4 89 20
1 92 17
2 91 19
1 91 22
2 89 21
1 90 23
1 92 21
3 92 24
1 95 18
2 93 17
1 94 19
1 96 17
3 96 20
3 95 23
3 94 22
4 93 24
1 96 21
3 96 24
2 92 28
2 90 26
2 89 25
4 89 28
1 92 25
2 91 27
4 90 31
2 89 29
4 89 32
4 91 30
3 92 32
1 95 26
2 93 25
1 94 27
1 96 25
3 96 28
2 94 30
2 93 29
4 93 32
1 96 29
2 95 31
1 81 48
2 72 40
2 68 36
2 66 34
2 65 33
4 65 36
1 68 33
2 67 35
4 66 39
2 65 37
4 65 40
4 67 38
3 68 40
1 71 34
2 69 33
1 70 35
1 72 33
3 72 36
2 70 38
2 69 37
4 69 40
1 72 37
2 71 39
4 68 45
2 66 42
2 65 41
4 65 44
1 68 41
2 67 43
4 66 47
2 65 45
4 65 48
4 67 46
3 68 48
4 70 43
2 69 41
4 69 44
4 71 42
3 72 44
3 71 47
3 70 46
4 69 48
1 72 45
3 72 48
1 77 36
2 74 34
2 73 33
4 73 36
1 76 33
2 75 35
1 75 38
2 73 37
1 74 39
1 76 37
3 76 40
1 79 34
2 77 33
1 78 35
1 80 33
3 80 36
3 79 39
3 78 38
4 77 40
1 80 37
3 80 40
2 76 44
2 74 42
2 73 41
4 73 44
1 76 41
2 75 43
4 74 47
2 73 45
4 73 48
4 75 46
3 76 48
1 79 42
2 77 41
1 78 43
1 80 41
3 80 44
2 78 46
2 77 45
4 77 48
1 80 45
2 79 47
1 73 56
2 68 52
2 66 50
2 65 49
4 65 52
1 68 49
2 67 51
4 66 55
2 65 53
4 65 56
4 67 54
3 68 56
1 71 50
2 69 49
1 70 51
1 72 49
3 72 52
2 70 54
2 69 53
4 69 56
1 72 53
2 71 55
1 69 60
2 66 58
2 65 57
4 65 60
1 68 57
2 67 59
1 67 62
2 65 61
1 66 63
1 68 61
3 68 64
1 71 58
2 69 57
1 70 59
1 72 57
3 72 60
3 71 63
3 70 62
4 69 64
1 72 61
3 72 64
1 77 52
2 74 50
2 73 49
4 73 52
1 76 49
2 75 51
1 75 54
2 73 53
1 74 55
1 76 53
3 76 56
1 79 50
2 77 49
1 78 51
1 80 49
3 80 52
3 79 55
3 78 54
4 77 56
1 80 53
3 80 56
3 77 61
3 75 59
3 74 58
4 73 60
1 76 57
3 76 60
4 74 63
2 73 61
4 73 64
4 75 62
3 76 64
1 79 58
2 77 57
1 78 59
1 80 57
3 80 60
3 79 63
3 78 62
4 77 64
1 80 61
3 80 64
1 89 40
2 84 36
2 82 34
2 81 33
4 81 36
1 84 33
2 83 35
4 82 39
2 81 37
4 81 40
4 83 38
3 84 40
1 87 34
2 85 33
1 86 35
1 88 33
3 88 36
2 86 38
2 85 37
4 85 40
1 88 37
2 87 39
1 85 44
2 82 42
2 81 41
4 81 44
1 84 41
2 83 43
1 83 46
2 81 45
1 82 47
1 84 45
3 84 48
1 87 42
2 85 41
1 86 43
1 88 41
3 88 44
3 87 47
3 86 46
4 85 48
1 88 45
3 88 48
1 93 36
2 90 34
2 89 33
4 89 36
1 92 33
2 91 35
1 91 38
2 89 37
1 90 39
1 92 37
3 92 40
1 95 34
2 93 33
1 94 35
1 96 33
3 96 36
3 95 39
3 94 38
4 93 40
1 96 37
3 96 40
3 93 45
3 91 43
3 90 42
4 89 44
1 92 41
3 92 44
4 90 47
2 89 45
4 89 48
4 91 46
3 92 48
1 95 42
2 93 41
1 94 43
1 96 41
3 96 44
3 95 47
3 94 46
4 93 48
1 96 45
3 96 48
3 89 57
3 85 53
3 83 51
3 82 50
4 81 52
1 84 49
3 84 52
4 82 55
2 81 53
4 81 56
4 83 54
3 84 56
1 87 50
2 85 49
1 86 51
1 88 49
3 88 52
3 87 55
3 86 54
4 85 56
1 88 53
3 88 56
4 84 61
2 82 58
2 81 57
4 81 60
1 84 57
2 83 59
4 82 63
2 81 61
4 81 64
4 83 62
3 84 64
4 86 59
2 85 57
4 85 60
4 87 58
3 88 60
3 87 63
3 86 62
4 85 64
1 88 61
3 88 64
1 93 52
2 90 50
2 89 49
4 89 52
1 92 49
2 91 51
1 91 54
2 89 53
1 90 55
1 92 53
3 92 56
1 95 50
2 93 49
1 94 51
1 96 49
3 96 52
3 95 55
3 94 54
4 93 56
1 96 53
3 96 56
3 93 61
3 91 59
3 90 58
4 89 60
1 92 57
3 92 60
4 90 63
2 89 61
4 89 64
4 91 62
3 92 64
1 95 58
2 93 57
1 94 59
1 96 57
3 96 60
3 95 63
3 94 62
4 93 64
1 96 61
3 96 64
1 113 16
2 104 8
2 100 4
2 98 2
2 97 1
4 97 4
1 100 1
2 99 3
4 98 7
2 97 5
4 97 8
4 99 6
3 100 8
1 103 2
2 101 1
1 102 3
1 104 1
3 104 4
2 102 6
2 101 5
4 101 8
1 104 5
2 103 7
4 100 13
2 98 10
2 97 9
4 97 12
1 100 9
2 99 11
4 98 15
2 97 13
4 97 16
4 99 14
3 100 16
4 102 11
2 101 9
4 101 12
4 103 10
3 104 12
3 103 15
3 102 14
4 101 16
1 104 13
3 104 16
1 109 4
2 106 2
2 105 1
4 105 4
1 108 1
2 107 3
1 107 6
2 105 5
1 106 7
1 108 5
3 108 8
1 111 2
2 109 1
1 110 3
1 112 1
3 112 4
3 111 7
3 110 6
4 109 8
1 112 5
3 112 8
2 108 12
2 106 10
2 105 9
4 105 12
1 108 9
2 107 11
4 106 15
2 105 13
4 105 16
4 107 14
3 108 16
1 111 10
2 109 9
1 110 11
1 112 9
3 112 12
2 110 14
2 109 13
4 109 16
1 112 13
2 111 15
1 105 24
2 100 20
2 98 18
2 97 17
4 97 20
1 100 17
2 99 19
4 98 23
2 97 21
4 97 24
4 99 22
3 100 24
1 103 18
2 101 17
1 102 19
1 104 17
3 104 20
2 102 22
2 101 21
4 101 24
1 104 21
2 103 23
1 101 28
2 98 26
2 97 25
4 97 28
1 100 25
2 99 27
1 99 30
2 97 29
1 98 31
1 100 29
3 100 32
1 103 26
2 101 25
1 102 27
1 104 25
3 104 28
3 103 31
3 102 30
4 101 32
1 104 29
3 104 32
1 109 20
2 106 18
2 105 17
4 105 20
1 108 17
2 107 19
1 107 22
2 105 21
1 106 23
1 108 21
3 108 24
1 111 18
2 109 17
1 110 19
1 112 17
3 112 20
3 111 23
3 110 22
4 109 24
1 112 21
3 112 24
3 109 29
3 107 27
3 106 26
4 105 28
1 108 25
3 108 28
4 106 31
2 105 29
4 105 32
4 107 30
3 108 32
1 111 26
2 109 25
1 110 27
1 112 25
3 112 28
3 111 31
3 110 30
4 109 32
1 112 29
3 112 32
1 121 8
2 116 4
2 114 2
2 113 1
4 113 4
1 116 1
2 115 3
4 114 7
2 113 5
4 113 8
4 115 6
3 116 8
1 119 2
2 117 1
1 118 3
1 120 1
3 120 4
2 118 6
2 117 5
4 117 8
1 120 5
2 119 7
1 117 12
2 114 10
2 113 9
4 113 12
1 116 9
2 115 11
1 115 14
2 113 13
1 114 15
1 116 13
3 116 16
1 119 10
2 117 9
1 118 11
1 120 9
3 120 12
3 119 15
3 118 14
4 117 16
1 120 13
3 120 16
1 125 4
2 122 2
2 121 1
4 121 4
1 124 1
2 123 3
1 123 6
2 121 5
1 122 7
1 124 5
3 124 8
1 127 2
2 125 1
1 126 3
1 128 1
3 128 4
3 127 7
3 126 6
4 125 8
1 128 5
3 128 8
3 125 13
3 123 11
3 122 10
4 121 12
1 124 9
3 124 12
4 122 15
2 121 13
4 121 16
4 123 14
3 124 16
1 127 10
2 125 9
1 126 11
1 128 9
3 128 12
3 127 15
3 126 14
4 125 16
1 128 13
3 128 16
3 121 25
3 117 21
3 115 19
3 114 18
4 113 20
1 116 17
3 116 20
4 114 23
2 113 21
4 113 24
4 115 22
3 116 24
1 119 18
2 117 17
1 118 19
1 120 17
3 120 20
3 119 23
3 118 22
4 117 24
1 120 21
3 120 24
4 116 29
2 114 26
2 113 25
4 113 28
1 116 25
2 115 27
4 114 31
2 113 29
4 113 32
4 115 30
3 116 32
4 118 27
2 117 25
4 117 28
4 119 26
3 120 28
3 119 31
3 118 30
4 117 32
1 120 29
3 120 32
1 125 20
2 122 18
2 121 17
4 121 20
1 124 17
2 123 19
1 123 22
2 121 21
1 122 23
1 124 21
3 124 24
1 127 18
2 125 17
1 126 19
1 128 17
3 128 20
3 127 23
3 126 22
4 125 24
1 128 21
3 128 24
3 125 29
3 123 27
3 122 26
4 121 28
1 124 25
3 124 28
4 122 31
2 121 29
4 121 32
4 123 30
3 124 32
1 127 26
2 125 25
1 126 27
1 128 25
3 128 28
3 127 31
3 126 30
4 125 32
1 128 29
3 128 32
3 113 49
3 105 41
3 101 37
3 99 35
3 98 34
4 97 36
1 100 33
3 100 36
4 98 39
2 97 37
4 97 40
4 99 38
3 100 40
1 103 34
2 101 33
1 102 35
1 104 33
3 104 36
3 103 39
3 102 38
4 101 40
1 104 37
3 104 40
4 100 45
2 98 42
2 97 41
4 97 44
1 100 41
2 99 43
4 98 47
2 97 45
4 97 48
4 99 46
3 100 48
4 102 43
2 101 41
4 101 44
4 103 42
3 104 44
3 103 47
3 102 46
4 101 48
1 104 45
3 104 48
1 109 36
2 106 34
2 105 33
4 105 36
1 108 33
2 107 35
1 107 38
2 105 37
1 106 39
1 108 37
3 108 40
1 111 34
2 109 33
1 110 35
1 112 33
3 112 36
3 111 39
3 110 38
4 109 40
1 112 37
3 112 40
3 109 45
3 107 43
3 106 42
4 105 44
1 108 41
3 108 44
4 106 47
2 105 45
4 105 48
4 107 46
3 108 48
1 111 42
2 109 41
1 110 43
1 112 41
3 112 44
3 111 47
3 110 46
4 109 48
1 112 45
3 112 48
4 104 57
2 100 52
2 98 50
2 97 49
4 97 52
1 100 49
2 99 51
4 98 55
2 97 53
4 97 56
4 99 54
3 100 56
1 103 50
2 101 49
1 102 51
1 104 49
3 104 52
2 102 54
2 101 53
4 101 56
1 104 53
2 103 55
4 100 61
2 98 58
2 97 57
4 97 60
1 100 57
2 99 59
4 98 63
2 97 61
4 97 64
4 99 62
3 100 64
4 102 59
2 101 57
4 101 60
4 103 58
3 104 60
3 103 63
3 102 62
4 101 64
1 104 61
3 104 64
4 108 53
2 106 50
2 105 49
4 105 52
1 108 49
2 107 51
4 106 55
2 105 53
4 105 56
4 107 54
3 108 56
4 110 51
2 109 49
4 109 52
4 111 50
3 112 52
3 111 55
3 110 54
4 109 56
1 112 53
3 112 56
3 109 61
3 107 59
3 106 58
4 105 60
1 108 57
3 108 60
4 106 63
2 105 61
4 105 64
4 107 62
3 108 64
1 111 58
2 109 57
1 110 59
1 112 57
3 112 60
3 111 63
3 110 62
4 109 64
1 112 61
3 112 64
1 121 40
2 116 36
2 114 34
2 113 33
4 113 36
1 116 33
2 115 35
4 114 39
2 113 37
4 113 40
4 115 38
3 116 40
1 119 34
2 117 33
1 118 35
1 120 33
3 120 36
2 118 38
2 117 37
4 117 40
1 120 37
2 119 39
1 117 44
2 114 42
2 113 41
4 113 44
1 116 41
2 115 43
1 115 46
2 113 45
1 114 47
1 116 45
3 116 48
1 119 42
2 117 41
1 118 43
1 120 41
3 120 44
3 119 47
3 118 46
4 117 48
1 120 45
3 120 48
1 125 36
2 122 34
2 121 33
4 121 36
1 124 33
2 123 35
1 123 38
2 121 37
1 122 39
1 124 37
3 124 40
1 127 34
2 125 33
1 126 35
1 128 33
3 128 36
3 127 39
3 126 38
4 125 40
1 128 37
3 128 40
3 125 45
3 123 43
3 122 42
4 121 44
1 124 41
3 124 44
4 122 47
2 121 45
4 121 48
4 123 46
3 124 48
1 127 42
2 125 41
1 126 43
1 128 41
3 128 44
3 127 47
3 126 46
4 125 48
1 128 45
3 128 48
3 121 57
3 117 53
3 115 51
3 114 50
4 113 52
1 116 49
3 116 52
4 114 55
2 113 53
4 113 56
4 115 54
3 116 56
1 119 50
2 117 49
1 118 51
1 120 49
3 120 52
3 119 55
3 118 54
4 117 56
1 120 53
3 120 56
4 116 61
2 114 58
2 113 57
4 113 60
1 116 57
2 115 59
4 114 63
2 113 61
4 113 64
4 115 62
3 116 64
4 118 59
2 117 57
4 117 60
4 119 58
3 120 60
3 119 63
3 118 62
4 117 64
1 120 61
3 120 64
1 125 52
2 122 50
2 121 49
4 121 52
1 124 49
2 123 51
1 123 54
2 121 53
1 122 55
1 124 53
3 124 56
1 127 50
2 125 49
1 126 51
1 128 49
3 128 52
3 127 55
3 126 54
4 125 56
1 128 53
3 128 56
3 125 61
3 123 59
3 122 58
4 121 60
1 124 57
3 124 60
4 122 63
2 121 61
4 121 64
4 123 62
3 124 64
1 127 58
2 125 57
1 126 59
1 128 57
3 128 60
3 127 63
3 126 62
4 125 64
1 128 61
3 128 64
3 97 97
3 81 81
3 73 73
3 69 69
3 67 67
3 66 66
4 65 68
1 68 65
3 68 68
4 66 71
2 65 69
4 65 72
4 67 70
3 68 72
1 71 66
2 69 65
1 70 67
1 72 65
3 72 68
3 71 71
3 70 70
4 69 72
1 72 69
3 72 72
4 68 77
2 66 74
2 65 73
4 65 76
1 68 73
2 67 75
4 66 79
2 65 77
4 65 80
4 67 78
3 68 80
4 70 75
2 69 73
4 69 76
4 71 74
3 72 76
3 71 79
3 70 78
4 69 80
1 72 77
3 72 80
1 77 68
2 74 66
2 73 65
4 73 68
1 76 65
2 75 67
1 75 70
2 73 69
1 74 71
1 76 69
3 76 72
1 79 66
2 77 65
1 78 67
1 80 65
3 80 68
3 79 71
3 78 70
4 77 72
1 80 69
3 80 72
3 77 77
3 75 75
3 74 74
4 73 76
1 76 73
3 76 76
4 74 79
2 73 77
4 73 80
4 75 78
3 76 80
1 79 74
2 77 73
1 78 75
1 80 73
3 80 76
3 79 79
3 78 78
4 77 80
1 80 77
3 80 80
4 72 89
2 68 84
2 66 82
2 65 81
4 65 84
1 68 81
2 67 83
4 66 87
2 65 85
4 65 88
4 67 86
3 68 88
1 71 82
2 69 81
1 70 83
1 72 81
3 72 84
2 70 86
2 69 85
4 69 88
1 72 85
2 71 87
4 68 93
2 66 90
2 65 89
4 65 92
1 68 89
2 67 91
4 66 95
2 65 93
4 65 96
4 67 94
3 68 96
4 70 91
2 69 89
4 69 92
4 71 90
3 72 92
3 71 95
3 70 94
4 69 96
1 72 93
3 72 96
4 76 85
2 74 82
2 73 81
4 73 84
1 76 81
2 75 83
4 74 87
2 73 85
4 73 88
4 75 86
3 76 88
4 78 83
2 77 81
4 77 84
4 79 82
3 80 84
3 79 87
3 78 86
4 77 88
1 80 85
3 80 88
3 77 93
3 75 91
3 74 90
4 73 92
1 76 89
3 76 92
4 74 95
2 73 93
4 73 96
4 75 94
3 76 96
1 79 90
2 77 89
1 78 91
1 80 89
3 80 92
3 79 95
3 78 94
4 77 96
1 80 93
3 80 96
1 89 72
2 84 68
2 82 66
2 81 65
4 81 68
1 84 65
2 83 67
4 82 71
2 81 69
4 81 72
4 83 70
3 84 72
1 87 66
2 85 65
1 86 67
1 88 65
3 88 68
2 86 70
2 85 69
4 85 72
1 88 69
2 87 71
1 85 76
2 82 74
2 81 73
4 81 76
1 84 73
2 83 75
1 83 78
2 81 77
1 82 79
1 84 77
3 84 80
1 87 74
2 85 73
1 86 75
1 88 73
3 88 76
3 87 79
3 86 78
4 85 80
1 88 77
3 88 80
1 93 68
2 90 66
2 89 65
4 89 68
1 92 65
2 91 67
1 91 70
2 89 69
1 90 71
1 92 69
3 92 72
1 95 66
2 93 65
1 94 67
1 96 65
3 96 68
3 95 71
3 94 70
4 93 72
1 96 69
3 96 72
3 93 77
3 91 75
3 90 74
4 89 76
1 92 73
3 92 76
4 90 79
2 89 77
4 89 80
4 91 78
3 92 80
1 95 74
2 93 73
1 94 75
1 96 73
3 96 76
3 95 79
3 94 78
4 93 80
1 96 77
3 96 80
3 89 89
3 85 85
3 83 83
3 82 82
4 81 84
1 84 81
3 84 84
4 82 87
2 81 85
4 81 88
4 83 86
3 84 88
1 87 82
2 85 81
1 86 83
1 88 81
3 88 84
3 87 87
3 86 86
4 85 88
1 88 85
3 88 88
4 84 93
2 82 90
2 81 89
4 81 92
1 84 89
2 83 91
4 82 95
2 81 93
4 81 96
4 83 94
3 84 96
4 86 91
2 85 89
4 85 92
4 87 90
3 88 92
3 87 95
3 86 94
4 85 96
1 88 93
3 88 96
1 93 84
2 90 82
2 89 81
4 89 84
1 92 81
2 91 83
1 91 86
2 89 85
1 90 87
1 92 85
3 92 88
1 95 82
2 93 81
1 94 83
1 96 81
3 96 84
3 95 87
3 94 86
4 93 88
1 96 85
3 96 88
3 93 93
3 91 91
3 90 90
4 89 92
1 92 89
3 92 92
4 90 95
2 89 93
4 89 96
4 91 94
3 92 96
1 95 90
2 93 89
1 94 91
1 96 89
3 96 92
3 95 95
3 94 94
4 93 96
1 96 93
3 96 96
4 80 113
2 72 104
2 68 100
2 66 98
2 65 97
4 65 100
1 68 97
2 67 99
4 66 103
2 65 101
4 65 104
4 67 102
3 68 104
1 71 98
2 69 97
1 70 99
1 72 97
3 72 100
2 70 102
2 69 101
4 69 104
1 72 101
2 71 103
4 68 109
2 66 106
2 65 105
4 65 108
1 68 105
2 67 107
4 66 111
2 65 109
4 65 112
4 67 110
3 68 112
4 70 107
2 69 105
4 69 108
4 71 106
3 72 108
3 71 111
3 70 110
4 69 112
1 72 109
3 72 112
1 77 100
2 74 98
2 73 97
4 73 100
1 76 97
2 75 99
1 75 102
2 73 101
1 74 103
1 76 101
3 76 104
1 79 98
2 77 97
1 78 99
1 80 97
3 80 100
3 79 103
3 78 102
4 77 104
1 80 101
3 80 104
2 76 108
2 74 106
2 73 105
4 73 108
1 76 105
2 75 107
4 74 111
2 73 109
4 73 112
4 75 110
3 76 112
1 79 106
2 77 105
1 78 107
1 80 105
3 80 108
2 78 110
2 77 109
4 77 112
1 80 109
2 79 111
4 72 121
2 68 116
2 66 114
2 65 113
4 65 116
1 68 113
2 67 115
4 66 119
2 65 117
4 65 120
4 67 118
3 68 120
1 71 114
2 69 113
1 70 115
1 72 113
3 72 116
2 70 118
2 69 117
4 69 120
1 72 117
2 71 119
4 68 125
2 66 122
2 65 121
4 65 124
1 68 121
2 67 123
4 66 127
2 65 125
4 65 128
4 67 126
3 68 128
4 70 123
2 69 121
4 69 124
4 71 122
3 72 124
3 71 127
3 70 126
4 69 128
1 72 125
3 72 128
4 76 117
2 74 114
2 73 113
4 73 116
1 76 113
2 75 115
4 74 119
2 73 117
4 73 120
4 75 118
3 76 120
4 78 115
2 77 113
4 77 116
4 79 114
3 80 116
3 79 119
3 78 118
4 77 120
1 80 117
3 80 120
3 77 125
3 75 123
3 74 122
4 73 124
1 76 121
3 76 124
4 74 127
2 73 125
4 73 128
4 75 126
3 76 128
1 79 122
2 77 121
1 78 123
1 80 121
3 80 124
3 79 127
3 78 126
4 77 128
1 80 125
3 80 128
4 88 105
2 84 100
2 82 98
2 81 97
4 81 100
1 84 97
2 83 99
4 82 103
2 81 101
4 81 104
4 83 102
3 84 104
1 87 98
2 85 97
1 86 99
1 88 97
3 88 100
2 86 102
2 85 101
4 85 104
1 88 101
2 87 103
4 84 109
2 82 106
2 81 105
4 81 108
1 84 105
2 83 107
4 82 111
2 81 109
4 81 112
4 83 110
3 84 112
4 86 107
2 85 105
4 85 108
4 87 106
3 88 108
3 87 111
3 86 110
4 85 112
1 88 109
3 88 112
4 92 101
2 90 98
2 89 97
4 89 100
1 92 97
2 91 99
4 90 103
2 89 101
4 89 104
4 91 102
3 92 104
4 94 99
2 93 97
4 93 100
4 95 98
3 96 100
3 95 103
3 94 102
4 93 104
1 96 101
3 96 104
3 93 109
3 91 107
3 90 106
4 89 108
1 92 105
3 92 108
4 90 111
2 89 109
4 89 112
4 91 110
3 92 112
1 95 106
2 93 105
1 94 107
1 96 105
3 96 108
3 95 111
3 94 110
4 93 112
1 96 109
3 96 112
3 89 121
3 85 117
3 83 115
3 82 114
4 81 116
1 84 113
3 84 116
4 82 119
2 81 117
4 81 120
4 83 118
3 84 120
1 87 114
2 85 113
1 86 115
1 88 113
3 88 116
3 87 119
3 86 118
4 85 120
1 88 117
3 88 120
4 84 125
2 82 122
2 81 121
4 81 124
1 84 121
2 83 123
4 82 127
2 81 125
4 81 128
4 83 126
3 84 128
4 86 123
2 85 121
4 85 124
4 87 122
3 88 124
3 87 127
3 86 126
4 85 128
1 88 125
3 88 128
1 93 116
2 90 114
2 89 113
4 89 116
1 92 113
2 91 115
1 91 118
2 89 117
1 90 119
1 92 117
3 92 120
1 95 114
2 93 113
1 94 115
1 96 113
3 96 116
3 95 119
3 94 118
4 93 120
1 96 117
3 96 120
3 93 125
3 91 123
3 90 122
4 89 124
1 92 121
3 92 124
4 90 127
2 89 125
4 89 128
4 91 126
3 92 128
1 95 122
2 93 121
1 94 123
1 96 121
3 96 124
3 95 127
3 94 126
4 93 128
1 96 125
3 96 128
1 113 80
2 104 72
2 100 68
2 98 66
2 97 65
4 97 68
1 100 65
2 99 67
4 98 71
2 97 69
4 97 72
4 99 70
3 100 72
1 103 66
2 101 65
1 102 67
1 104 65
3 104 68
2 102 70
2 101 69
4 101 72
1 104 69
2 103 71
4 100 77
2 98 74
2 97 73
4 97 76
1 100 73
2 99 75
4 98 79
2 97 77
4 97 80
4 99 78
3 100 80
4 102 75
2 101 73
4 101 76
4 103 74
3 104 76
3 103 79
3 102 78
4 101 80
1 104 77
3 104 80
1 109 68
2 106 66
2 105 65
4 105 68
1 108 65
2 107 67
1 107 70
2 105 69
1 106 71
1 108 69
3 108 72
1 111 66
2 109 65
1 110 67
1 112 65
3 112 68
3 111 71
3 110 70
4 109 72
1 112 69
3 112 72
2 108 76
2 106 74
2 105 73
4 105 76
1 108 73
2 107 75
4 106 79
2 105 77
4 105 80
4 107 78
3 108 80
1 111 74
2 109 73
1 110 75
1 112 73
3 112 76
2 110 78
2 109 77
4 109 80
1 112 77
2 111 79
1 105 88
2 100 84
2 98 82
2 97 81
4 97 84
1 100 81
2 99 83
4 98 87
2 97 85
4 97 88
4 99 86
3 100 88
1 103 82
2 101 81
1 102 83
1 104 81
3 104 84
2 102 86
2 101 85
4 101 88
1 104 85
2 103 87
1 101 92
2 98 90
2 97 89
4 97 92
1 100 89
2 99 91
1 99 94
2 97 93
1 98 95
1 100 93
3 100 96
1 103 90
2 101 89
1 102 91
1 104 89
3 104 92
3 103 95
3 102 94
4 101 96
1 104 93
3 104 96
1 109 84
2 106 82
2 105 81
4 105 84
1 108 81
2 107 83
1 107 86
2 105 85
1 106 87
1 108 85
3 108 88
1 111 82
2 109 81
1 110 83
1 112 81
3 112 84
3 111 87
3 110 86
4 109 88
1 112 85
3 112 88
3 109 93
3 107 91
3 106 90
4 105 92
1 108 89
3 108 92
4 106 95
2 105 93
4 105 96
4 107 94
3 108 96
1 111 90
2 109 89
1 110 91
1 112 89
3 112 92
3 111 95
3 110 94
4 109 96
1 112 93
3 112 96
1 121 72
2 116 68
2 114 66
2 113 65
4 113 68
1 116 65
2 115 67
4 114 71
2 113 69
4 113 72
4 115 70
3 116 72
1 119 66
2 117 65
1 118 67
1 120 65
3 120 68
2 118 70
2 117 69
4 117 72
1 120 69
2 119 71
1 117 76
2 114 74
2 113 73
4 113 76
1 116 73
2 115 75
1 115 78
2 113 77
1 114 79
1 116 77
3 116 80
1 119 74
2 117 73
1 118 75
1 120 73
3 120 76
3 119 79
3 118 78
4 117 80
1 120 77
3 120 80
1 125 68
2 122 66
2 121 65
4 121 68
1 124 65
2 123 67
1 123 70
2 121 69
1 122 71
1 124 69
3 124 72
1 127 66
2 125 65
1 126 67
1 128 65
3 128 68
3 127 71
3 126 70
4 125 72
1 128 69
3 128 72
3 125 77
3 123 75
3 122 74
4 121 76
1 124 73
3 124 76
4 122 79
2 121 77
4 121 80
4 123 78
3 124 80
1 127 74
2 125 73
1 126 75
1 128 73
3 128 76
3 127 79
3 126 78
4 125 80
1 128 77
3 128 80
3 121 89
3 117 85
3 115 83
3 114 82
4 113 84
1 116 81
3 116 84
4 114 87
2 113 85
4 113 88
4 115 86
3 116 88
1 119 82
2 117 81
1 118 83
1 120 81
3 120 84
3 119 87
3 118 86
4 117 88
1 120 85
3 120 88
4 116 93
2 114 90
2 113 89
4 113 92
1 116 89
2 115 91
4 114 95
2 113 93
4 113 96
4 115 94
3 116 96
4 118 91
2 117 89
4 117 92
4 119 90
3 120 92
3 119 95
3 118 94
4 117 96
1 120 93
3 120 96
1 125 84
2 122 82
2 121 81
4 121 84
1 124 81
2 123 83
1 123 86
2 121 85
1 122 87
1 124 85
3 124 88
1 127 82
2 125 81
1 126 83
1 128 81
3 128 84
3 127 87
3 126 86
4 125 88
1 128 85
3 128 88
3 125 93
3 123 91
3 122 90
4 121 92
1 124 89
3 124 92
4 122 95
2 121 93
4 121 96
4 123 94
3 124 96
1 127 90
2 125 89
1 126 91
1 128 89
3 128 92
3 127 95
3 126 94
4 125 96
1 128 93
3 128 96
3 113 113
3 105 105
3 101 101
3 99 99
3 98 98
4 97 100
1 100 97
3 100 100
4 98 103
2 97 101
4 97 104
4 99 102
3 100 104
1 103 98
2 101 97
1 102 99
1 104 97
3 104 100
3 103 103
3 102 102
4 101 104
1 104 101
3 104 104
4 100 109
2 98 106
2 97 105
4 97 108
1 100 105
2 99 107
4 98 111
2 97 109
4 97 112
4 99 110
3 100 112
4 102 107
2 101 105
4 101 108
4 103 106
3 104 108
3 103 111
3 102 110
4 101 112
1 104 109
3 104 112
1 109 100
2 106 98
2 105 97
4 105 100
1 108 97
2 107 99
1 107 102
2 105 101
1 106 103
1 108 101
3 108 104
1 111 98
2 109 97
1 110 99
1 112 97
3 112 100
3 111 103
3 110 102
4 109 104
1 112 101
3 112 104
3 109 109
3 107 107
3 106 106
4 105 108
1 108 105
3 108 108
4 106 111
2 105 109
4 105 112
4 107 110
3 108 112
1 111 106
2 109 105
1 110 107
1 112 105
3 112 108
3 111 111
3 110 110
4 109 112
1 112 109
3 112 112
4 104 121
2 100 116
2 98 114
2 97 113
4 97 116
1 100 113
2 99 115
4 98 119
2 97 117
4 97 120
4 99 118
3 100 120
1 103 114
2 101 113
1 102 115
1 104 113
3 104 116
2 102 118
2 101 117
4 101 120
1 104 117
2 103 119
4 100 125
2 98 122
2 97 121
4 97 124
1 100 121
2 99 123
4 98 127
2 97 125
4 97 128
4 99 126
3 100 128
4 102 123
2 101 121
4 101 124
4 103 122
3 104 124
3 103 127
3 102 126
4 101 128
1 104 125
3 104 128
4 108 117
2 106 114
2 105 113
4 105 116
1 108 113
2 107 115
4 106 119
2 105 117
4 105 120
4 107 118
3 108 120
4 110 115
2 109 113
4 109 116
4 111 114
3 112 116
3 111 119
3 110 118
4 109 120
1 112 117
3 112 120
3 109 125
3 107 123
3 106 122
4 105 124
1 108 121
3 108 124
4 106 127
2 105 125
4 105 128
4 107 126
3 108 128
1 111 122
2 109 121
1 110 123
1 112 121
3 112 124
3 111 127
3 110 126
4 109 128
1 112 125
3 112 128
1 121 104
2 116 100
2 114 98
2 113 97
4 113 100
1 116 97
2 115 99
4 114 103
2 113 101
4 113 104
4 115 102
3 116 104
1 119 98
2 117 97
1 118 99
1 120 97
3 120 100
2 118 102
2 117 101
4 117 104
1 120 101
2 119 103
1 117 108
2 114 106
2 113 105
4 113 108
1 116 105
2 115 107
1 115 110
2 113 109
1 114 111
1 116 109
3 116 112
1 119 106
2 117 105
1 118 107
1 120 105
3 120 108
3 119 111
3 118 110
4 117 112
1 120 109
3 120 112
1 125 100
2 122 98
2 121 97
4 121 100
1 124 97
2 123 99
1 123 102
2 121 101
1 122 103
1 124 101
3 124 104
1 127 98
2 125 97
1 126 99
1 128 97
3 128 100
3 127 103
3 126 102
4 125 104
1 128 101
3 128 104
3 125 109
3 123 107
3 122 106
4 121 108
1 124 105
3 124 108
4 122 111
2 121 109
4 121 112
4 123 110
3 124 112
1 127 106
2 125 105
1 126 107
1 128 105
3 128 108
3 127 111
3 126 110
4 125 112
1 128 109
3 128 112
3 121 121
3 117 117
3 115 115
3 114 114
4 113 116
1 116 113
3 116 116
4 114 119
2 113 117
4 113 120
4 115 118
3 116 120
1 119 114
2 117 113
1 118 115
1 120 113
3 120 116
3 119 119
3 118 118
4 117 120
1 120 117
3 120 120
4 116 125
2 114 122
2 113 121
4 113 124
1 116 121
2 115 123
4 114 127
2 113 125
4 113 128
4 115 126
3 116 128
4 118 123
2 117 121
4 117 124
4 119 122
3 120 124
3 119 127
3 118 126
4 117 128
1 120 125
3 120 128
1 125 116
2 122 114
2 121 113
4 121 116
1 124 113
2 123 115
1 123 118
2 121 117
1 122 119
1 124 117
3 124 120
1 127 114
2 125 113
1 126 115
1 128 113
3 128 116
3 127 119
3 126 118
4 125 120
1 128 117
3 128 120
3 125 125
3 123 123
3 122 122
4 121 124
1 124 121
3 124 124
4 122 127
2 121 125
4 121 128
4 123 126
3 124 128
1 127 122
2 125 121
1 126 123
1 128 121
3 128 124
3 127 127
3 126 126
4 125 128
1 128 125
3 128 128
