2 16 16
2 8 8
2 4 4
2 2 2
2 1 1
4 1 4
1 4 1
2 3 3
4 2 7
2 1 5
4 1 8
4 3 6
3 4 8
1 7 2
2 5 1
1 6 3
1 8 1
3 8 4
2 6 6
2 5 5
4 5 8
1 8 5
2 7 7
4 4 13
2 2 10
2 1 9
4 1 12
1 4 9
2 3 11
4 2 15
2 1 13
4 1 16
4 3 14
3 4 16
4 6 11
2 5 9
4 5 12
4 7 10
3 8 12
3 7 15
3 6 14
4 5 16
1 8 13
3 8 16
1 13 4
2 10 2
2 9 1
4 9 4
1 12 1
2 11 3
1 11 6
2 9 5
1 10 7
1 12 5
3 12 8
1 15 2
2 13 1
1 14 3
1 16 1
3 16 4
3 15 7
3 14 6
4 13 8
1 16 5
3 16 8
2 12 12
2 10 10
2 9 9
4 9 12
1 12 9
2 11 11
4 10 15
2 9 13
4 9 16
4 11 14
3 12 16
1 15 10
2 13 9
1 14 11
1 16 9
3 16 12
2 14 14
2 13 13
4 13 16
1 16 13
2 15 15
4 8 25
2 4 20
2 2 18
2 1 17
4 1 20
1 4 17
2 3 19
4 2 23
2 1 21
4 1 24
4 3 22
3 4 24
1 7 18
2 5 17
1 6 19
1 8 17
3 8 20
2 6 22
2 5 21
4 5 24
1 8 21
2 7 23
4 4 29
2 2 26
2 1 25
4 1 28
1 4 25
2 3 27
4 2 31
2 1 29
4 1 32
4 3 30
3 4 32
4 6 27
2 5 25
4 5 28
4 7 26
3 8 28
3 7 31
3 6 30
4 5 32
1 8 29
3 8 32
4 12 21
2 10 18
2 9 17
4 9 20
1 12 17
2 11 19
4 10 23
2 9 21
4 9 24
4 11 22
3 12 24
4 14 19
2 13 17
4 13 20
4 15 18
3 16 20
3 15 23
3 14 22
4 13 24
1 16 21
3 16 24
3 13 29
3 11 27
3 10 26
4 9 28
1 12 25
3 12 28
4 10 31
2 9 29
4 9 32
4 11 30
3 12 32
1 15 26
2 13 25
1 14 27
1 16 25
3 16 28
3 15 31
3 14 30
4 13 32
1 16 29
3 16 32
1 25 8
2 20 4
2 18 2
2 17 1
4 17 4
1 20 1
2 19 3
4 18 7
2 17 5
4 17 8
4 19 6
3 20 8
1 23 2
2 21 1
1 22 3
1 24 1
3 24 4
2 22 6
2 21 5
4 21 8
1 24 5
2 23 7
1 21 12
2 18 10
2 17 9
4 17 12
1 20 9
2 19 11
1 19 14
2 17 13
1 18 15
1 20 13
3 20 16
1 23 10
2 21 9
1 22 11
1 24 9
3 24 12
3 23 15
3 22 14
4 21 16
1 24 13
3 24 16
1 29 4
2 26 2
2 25 1
4 25 4
1 28 1
2 27 3
1 27 6
2 25 5
1 26 7
1 28 5
3 28 8
1 31 2
2 29 1
1 30 3
1 32 1
3 32 4
3 31 7
3 30 6
4 29 8
1 32 5
3 32 8
3 29 13
3 27 11
3 26 10
4 25 12
1 28 9
3 28 12
4 26 15
2 25 13
4 25 16
4 27 14
3 28 16
1 31 10
2 29 9
1 30 11
1 32 9
3 32 12
3 31 15
3 30 14
4 29 16
1 32 13
3 32 16
3 25 25
1 21 20
2 18 18
2 17 17
4 17 20
1 20 17
2 19 19
2 18 22
2 17 21
4 17 24
1 20 21
2 19 23
1 23 18
2 21 17
1 22 19
1 24 17
3 24 20
3 23 23
3 22 22
4 21 24
1 24 21
3 24 24
4 20 29
2 18 26
2 17 25
4 17 28
1 20 25
2 19 27
4 18 31
2 17 29
4 17 32
4 19 30
3 20 32
4 22 27
2 21 25
4 21 28
4 23 26
3 24 28
3 23 31
3 22 30
4 21 32
1 24 29
3 24 32
1 29 20
2 26 18
2 25 17
4 25 20
1 28 17
2 27 19
1 27 22
2 25 21
1 26 23
1 28 21
3 28 24
1 31 18
2 29 17
1 30 19
1 32 17
3 32 20
3 31 23
3 30 22
4 29 24
1 32 21
3 32 24
3 29 29
3 27 27
3 26 26
4 25 28
1 28 25
3 28 28
4 26 31
2 25 29
4 25 32
4 27 30
3 28 32
1 31 26
2 29 25
1 30 27
1 32 25
3 32 28
3 31 31
3 30 30
4 29 32
1 32 29
3 32 32
