2 8 8
2 4 4
2 2 2
2 1 1
4 1 4
1 4 1
2 3 3
4 2 7
2 1 5
4 1 8
4 3 6
3 4 8
1 7 2
2 5 1
1 6 3
1 8 1
3 8 4
2 6 6
2 5 5
4 5 8
1 8 5
2 7 7
4 4 13
2 2 10
2 1 9
4 1 12
1 4 9
2 3 11
4 2 15
2 1 13
4 1 16
4 3 14
3 4 16
4 6 11
2 5 9
4 5 12
4 7 10
3 8 12
3 7 15
3 6 14
4 5 16
1 8 13
3 8 16
1 13 4
2 10 2
2 9 1
4 9 4
1 12 1
2 11 3
1 11 6
2 9 5
1 10 7
1 12 5
3 12 8
1 15 2
2 13 1
1 14 3
1 16 1
3 16 4
3 15 7
3 14 6
4 13 8
1 16 5
3 16 8
1 13 12
2 10 10
2 9 9
4 9 12
1 12 9
2 11 11
3 11 15
1 10 13
4 9 16
1 12 13
3 12 16
1 15 10
2 13 9
1 14 11
1 16 9
3 16 12
3 15 15
3 14 14
4 13 16
1 16 13
3 16 16
