One Pair(9)
High Card
One Pair(9)
One Pair(3)
High Card
High Card
One Pair(3)
Two Pairs(7,1)
One Pair(4)
Two Pairs(3,1)
One Pair(5)
One Pair(5)
One Pair(3)
High Card
One Pair(1)
High Card
High Card
High Card
One Pair(4)
One Pair(8)
High Card
High Card
One Pair(6)
Three of a Kind(9)
One Pair(6)
One Pair(8)
High Card
One Pair(6)
High Card
High Card
One Pair(1)
High Card
High Card
High Card
One Pair(3)
High Card
Two Pairs(8,1)
One Pair(4)
One Pair(1)
One Pair(8)
One Pair(2)
One Pair(8)
Three of a Kind(3)
One Pair(4)
One Pair(5)
One Pair(5)
High Card
One Pair(9)
Three of a Kind(7)
High Card
High Card
One Pair(1)
One Pair(6)
Three of a Kind(8)
One Pair(9)
Two Pairs(9,7)
Two Pairs(4,3)
One Pair(6)
One Pair(7)
Two Pairs(6,4)
High Card
High Card
One Pair(9)
One Pair(5)
One Pair(7)
High Card
High Card
One Pair(6)
One Pair(3)
One Pair(6)
One Pair(1)
High Card
High Card
One Pair(5)
One Pair(6)
High Card
One Pair(5)
High Card
High Card
One Pair(4)
High Card
One Pair(3)
Three of a Kind(1)
One Pair(5)
One Pair(4)
One Pair(3)
One Pair(7)
Two Pairs(8,5)
One Pair(1)
High Card
One Pair(5)
One Pair(9)
One Pair(2)
High Card
One Pair(9)
One Pair(9)
High Card
Two Pairs(7,6)
One Pair(7)
One Pair(2)
High Card
One Pair(7)
High Card
High Card
High Card
One Pair(1)
Three of a Kind(4)
One Pair(6)
One Pair(1)
Two Pairs(8,3)
Two Pairs(8,4)
One Pair(7)
One Pair(3)
One Pair(1)
One Pair(9)
One Pair(5)
One Pair(6)
One Pair(1)
High Card
One Pair(4)
One Pair(3)
One Pair(4)
One Pair(5)
One Pair(9)
One Pair(4)
One Pair(8)
Two Pairs(5,1)
Two Pairs(4,2)
One Pair(3)
One Pair(2)
High Card
One Pair(2)
One Pair(4)
High Card
High Card
One Pair(1)
One Pair(6)
High Card
Two Pairs(9,6)
Two Pairs(6,2)
Three of a Kind(2)
One Pair(6)
One Pair(5)
One Pair(6)
High Card
One Pair(3)
Four of a Kind(2)
One Pair(2)
Three of a Kind(7)
One Pair(7)
One Pair(3)
Three of a Kind(6)
High Card
One Pair(9)
One Pair(5)
One Pair(1)
High Card
Two Pairs(9,6)
One Pair(1)
One Pair(7)
One Pair(1)
One Pair(8)
High Card
High Card
Two Pairs(3,1)
One Pair(8)
One Pair(7)
One Pair(3)
One Pair(7)
High Card
High Card
One Pair(6)
One Pair(8)
One Pair(2)
One Pair(1)
High Card
One Pair(6)
High Card
High Card
One Pair(4)
Four of a Kind(2)
One Pair(6)
One Pair(2)
High Card
Three of a Kind(4)
One Pair(2)
One Pair(6)
One Pair(4)
One Pair(7)
One Pair(1)
Two Pairs(6,2)
One Pair(3)
High Card
One Pair(1)
High Card
One Pair(2)
High Card
One Pair(9)
One Pair(8)
One Pair(2)
One Pair(4)
High Card
One Pair(5)
One Pair(9)
High Card
One Pair(6)
One Pair(5)
One Pair(5)
High Card
High Card
High Card
High Card
High Card
One Pair(6)
Three of a Kind(1)
High Card
One Pair(6)
High Card
One Pair(4)
High Card
One Pair(6)
One Pair(3)
One Pair(8)
Two Pairs(9,2)
High Card
High Card
One Pair(7)
One Pair(7)
One Pair(6)
High Card
One Pair(6)
High Card
One Pair(6)
Three of a Kind(9)
One Pair(4)
High Card
Two Pairs(8,2)
One Pair(3)
One Pair(5)
One Pair(1)
High Card
Two Pairs(8,6)
High Card
High Card
One Pair(6)
High Card
High Card
High Card
One Pair(5)
One Pair(5)
One Pair(5)
High Card
Two Pairs(7,4)
One Pair(7)
One Pair(2)
Two Pairs(4,3)
Full House(3,6)
One Pair(7)
High Card
High Card
High Card
One Pair(9)
High Card
One Pair(4)
One Pair(4)
One Pair(5)
High Card
One Pair(5)
One Pair(5)
High Card
High Card
Two Pairs(9,2)
One Pair(4)
One Pair(9)
High Card
One Pair(8)
One Pair(7)
One Pair(4)
One Pair(7)
One Pair(7)
High Card
One Pair(1)
High Card
One Pair(5)
One Pair(9)
One Pair(7)
High Card
One Pair(9)
High Card
One Pair(4)
One Pair(3)
One Pair(5)
High Card
One Pair(9)
High Card
One Pair(7)
One Pair(4)
High Card
One Pair(6)
High Card
One Pair(1)
One Pair(4)
One Pair(7)
High Card
High Card
High Card
High Card
Two Pairs(8,4)
One Pair(9)
High Card
One Pair(8)
High Card
Three of a Kind(8)
One Pair(6)
One Pair(9)
High Card
One Pair(4)
One Pair(9)
High Card
High Card
High Card
High Card
High Card
One Pair(5)
One Pair(2)
High Card
High Card
One Pair(3)
High Card
One Pair(4)
Two Pairs(8,4)
High Card
Two Pairs(8,6)
One Pair(9)
One Pair(9)
High Card
One Pair(7)
High Card
Two Pairs(9,6)
High Card
One Pair(3)
One Pair(6)
High Card
High Card
One Pair(5)
One Pair(7)
One Pair(9)
High Card
One Pair(8)
Two Pairs(9,6)
One Pair(8)
High Card
One Pair(8)
High Card
Two Pairs(7,4)
High Card
One Pair(8)
One Pair(6)
High Card
High Card
One Pair(3)
One Pair(7)
One Pair(4)
Two Pairs(6,1)
Two Pairs(8,5)
Three of a Kind(8)
Three of a Kind(4)
Two Pairs(8,2)
Three of a Kind(4)
High Card
High Card
One Pair(9)
One Pair(3)
High Card
High Card
One Pair(9)
One Pair(2)
High Card
One Pair(1)
High Card
High Card
Three of a Kind(3)
High Card
One Pair(4)
High Card
One Pair(6)
One Pair(3)
High Card
High Card
High Card
High Card
High Card
One Pair(4)
One Pair(3)
One Pair(1)
One Pair(8)
One Pair(8)
High Card
One Pair(2)
One Pair(3)
One Pair(4)
Two Pairs(9,6)
One Pair(3)
One Pair(1)
Three of a Kind(1)
One Pair(6)
One Pair(7)
Two Pairs(7,3)
High Card
One Pair(7)
High Card
High Card
One Pair(5)
High Card
Three of a Kind(8)
One Pair(8)
One Pair(6)
High Card
One Pair(7)
One Pair(3)
High Card
One Pair(7)
One Pair(9)
One Pair(4)
High Card
One Pair(9)
High Card
One Pair(1)
High Card
High Card
High Card
One Pair(7)
High Card
High Card
One Pair(2)
One Pair(8)
One Pair(1)
High Card
Two Pairs(8,4)
High Card
One Pair(5)
High Card
One Pair(5)
Two Pairs(7,2)
One Pair(9)
Three of a Kind(7)
One Pair(3)
One Pair(9)
One Pair(9)
Two Pairs(5,4)
One Pair(6)
High Card
One Pair(6)
One Pair(7)
High Card
One Pair(6)
High Card
High Card
High Card
One Pair(8)
High Card
High Card
Two Pairs(4,3)
High Card
One Pair(6)
One Pair(9)
One Pair(4)
Two Pairs(5,1)
One Pair(1)
Two Pairs(9,5)
One Pair(1)
One Pair(3)
One Pair(6)
One Pair(4)
High Card
One Pair(8)
One Pair(3)
One Pair(1)
High Card
One Pair(4)
One Pair(3)
High Card
One Pair(5)
High Card
High Card
One Pair(7)
One Pair(8)
One Pair(3)
One Pair(4)
One Pair(5)
High Card
One Pair(3)
Two Pairs(8,4)
High Card
High Card
One Pair(4)
One Pair(5)
High Card
High Card
Two Pairs(5,3)
One Pair(5)
One Pair(7)
High Card
One Pair(9)
One Pair(3)
High Card
One Pair(9)
One Pair(1)
One Pair(4)
One Pair(3)
One Pair(3)
Two Pairs(8,3)
One Pair(4)
High Card
One Pair(2)
Two Pairs(8,1)
One Pair(7)
High Card
Two Pairs(8,4)
One Pair(1)
High Card
High Card
One Pair(5)
One Pair(5)
High Card
High Card
High Card
High Card
One Pair(3)
One Pair(2)
One Pair(2)
High Card
One Pair(9)
One Pair(2)
One Pair(7)
One Pair(6)
One Pair(8)
High Card
One Pair(9)
One Pair(9)
One Pair(4)
One Pair(7)
One Pair(1)
High Card
Two Pairs(5,1)
Two Pairs(9,3)
One Pair(3)
One Pair(9)
Two Pairs(9,7)
Two Pairs(9,4)
High Card
High Card
One Pair(1)
High Card
High Card
High Card
Two Pairs(6,4)
One Pair(2)
One Pair(1)
One Pair(8)
Three of a Kind(2)
One Pair(2)
High Card
Two Pairs(8,6)
One Pair(3)
One Pair(2)
Two Pairs(4,1)
High Card
One Pair(7)
One Pair(5)
One Pair(5)
High Card
One Pair(5)
High Card
One Pair(5)
One Pair(5)
High Card
High Card
High Card
One Pair(9)
Three of a Kind(5)
One Pair(1)
Two Pairs(7,4)
High Card
Three of a Kind(7)
High Card
One Pair(1)
High Card
One Pair(4)
High Card
One Pair(5)
High Card
One Pair(9)
Two Pairs(9,6)
One Pair(8)
One Pair(5)
High Card
One Pair(7)
One Pair(9)
One Pair(2)
One Pair(5)
One Pair(3)
One Pair(6)
High Card
One Pair(3)
One Pair(2)
High Card
High Card
High Card
One Pair(5)
One Pair(4)
One Pair(7)
One Pair(4)
One Pair(6)
High Card
Full House(8,1)
Two Pairs(8,2)
High Card
High Card
High Card
One Pair(1)
High Card
One Pair(4)
One Pair(5)
High Card
One Pair(4)
One Pair(8)
High Card
One Pair(9)
High Card
One Pair(4)
Two Pairs(4,3)
One Pair(5)
One Pair(3)
High Card
One Pair(7)
High Card
One Pair(1)
One Pair(7)
Four of a Kind(1)
One Pair(8)
One Pair(5)
One Pair(3)
One Pair(9)
One Pair(8)
High Card
High Card
High Card
One Pair(6)
High Card
High Card
One Pair(3)
One Pair(5)
One Pair(6)
High Card
One Pair(1)
One Pair(8)
High Card
One Pair(8)
High Card
High Card
High Card
One Pair(7)
One Pair(3)
One Pair(5)
High Card
One Pair(1)
One Pair(4)
High Card
One Pair(7)
One Pair(1)
Three of a Kind(2)
One Pair(7)
One Pair(4)
High Card
High Card
One Pair(4)
High Card
One Pair(5)
One Pair(1)
One Pair(6)
High Card
High Card
High Card
One Pair(4)
High Card
One Pair(5)
One Pair(2)
Two Pairs(2,1)
Two Pairs(9,3)
High Card
One Pair(7)
One Pair(7)
One Pair(4)
Three of a Kind(1)
Two Pairs(8,3)
High Card
One Pair(4)
Three of a Kind(2)
Two Pairs(8,3)
Three of a Kind(5)
One Pair(9)
One Pair(2)
One Pair(6)
High Card
One Pair(5)
One Pair(7)
One Pair(2)
High Card
One Pair(2)
High Card
One Pair(4)
Two Pairs(8,5)
High Card
One Pair(7)
One Pair(6)
One Pair(1)
Three of a Kind(7)
Three of a Kind(1)
One Pair(4)
One Pair(9)
One Pair(5)
One Pair(7)
One Pair(7)
High Card
Three of a Kind(3)
Two Pairs(6,5)
Three of a Kind(8)
One Pair(4)
High Card
High Card
One Pair(8)
High Card
Two Pairs(7,1)
One Pair(1)
High Card
High Card
High Card
Two Pairs(4,3)
Three of a Kind(1)
One Pair(7)
One Pair(2)
High Card
One Pair(8)
One Pair(8)
One Pair(6)
High Card
High Card
One Pair(5)
High Card
One Pair(3)
One Pair(3)
High Card
High Card
High Card
Three of a Kind(7)
High Card
One Pair(8)
One Pair(9)
High Card
Two Pairs(8,3)
Three of a Kind(2)
Two Pairs(7,1)
One Pair(7)
One Pair(4)
One Pair(6)
One Pair(7)
High Card
One Pair(1)
High Card
High Card
One Pair(2)
One Pair(6)
High Card
One Pair(7)
Two Pairs(5,2)
One Pair(7)
High Card
One Pair(3)
One Pair(9)
Three of a Kind(4)
High Card
High Card
One Pair(3)
One Pair(7)
High Card
High Card
One Pair(3)
One Pair(4)
Three of a Kind(6)
One Pair(6)
One Pair(1)
Three of a Kind(1)
High Card
Three of a Kind(6)
High Card
One Pair(1)
Two Pairs(5,3)
One Pair(4)
One Pair(6)
High Card
High Card
Two Pairs(8,5)
High Card
One Pair(5)
High Card
One Pair(8)
One Pair(5)
One Pair(5)
High Card
High Card
Two Pairs(2,1)
One Pair(3)
One Pair(6)
High Card
One Pair(1)
High Card
High Card
One Pair(6)
One Pair(6)
Two Pairs(6,5)
Two Pairs(9,7)
High Card
High Card
One Pair(8)
One Pair(3)
High Card
One Pair(2)
One Pair(4)
One Pair(6)
One Pair(6)
One Pair(8)
One Pair(4)
High Card
One Pair(3)
One Pair(7)
High Card
High Card
One Pair(2)
One Pair(9)
One Pair(5)
One Pair(7)
One Pair(5)
High Card
High Card
High Card
High Card
One Pair(9)
High Card
High Card
One Pair(2)
High Card
One Pair(7)
Two Pairs(5,1)
High Card
One Pair(6)
High Card
Two Pairs(5,4)
One Pair(2)
One Pair(8)
One Pair(6)
One Pair(1)
High Card
High Card
High Card
High Card
High Card
Three of a Kind(7)
One Pair(8)
One Pair(7)
One Pair(6)
High Card
One Pair(4)
One Pair(7)
One Pair(1)
High Card
One Pair(8)
High Card
One Pair(4)
High Card
One Pair(4)
One Pair(7)
One Pair(7)
High Card
Two Pairs(9,2)
High Card
Two Pairs(7,5)
Two Pairs(8,6)
High Card
One Pair(4)
High Card
One Pair(7)
High Card
High Card
High Card
High Card
One Pair(6)
One Pair(1)
High Card
One Pair(2)
Two Pairs(7,5)
Two Pairs(2,1)
One Pair(7)
Two Pairs(8,3)
One Pair(2)
High Card
One Pair(1)
One Pair(5)
High Card
One Pair(1)
One Pair(7)
High Card
One Pair(6)
Three of a Kind(1)
One Pair(2)
High Card
High Card
Two Pairs(7,5)
High Card
Three of a Kind(6)
One Pair(6)
Two Pairs(4,3)
One Pair(4)
Two Pairs(6,5)
One Pair(6)
High Card
One Pair(2)
Two Pairs(6,1)
One Pair(4)
Two Pairs(8,6)
High Card
Two Pairs(7,5)
One Pair(4)
High Card
One Pair(8)
One Pair(7)
One Pair(6)
High Card
Two Pairs(7,5)
One Pair(8)
Two Pairs(7,4)
One Pair(4)
One Pair(7)
One Pair(5)
Two Pairs(9,3)
Two Pairs(4,2)
High Card
High Card
High Card
One Pair(3)
High Card
One Pair(1)
One Pair(5)
Two Pairs(5,3)
Three of a Kind(5)
Two Pairs(9,7)
High Card
High Card
One Pair(6)
High Card
Two Pairs(6,4)
Full House(1,5)
High Card
High Card
High Card
One Pair(8)
Three of a Kind(3)
One Pair(3)
One Pair(3)
One Pair(2)
Two Pairs(6,1)
One Pair(7)
One Pair(3)
High Card
One Pair(9)
One Pair(4)
One Pair(6)
One Pair(7)
One Pair(4)
High Card
One Pair(1)
High Card
High Card
One Pair(6)
High Card
One Pair(3)
High Card
One Pair(7)
One Pair(6)
One Pair(1)
Two Pairs(9,2)
One Pair(1)
High Card
One Pair(6)
One Pair(5)
High Card
High Card
One Pair(5)
High Card
One Pair(5)
