High Card
One Pair
High Card
High Card
One Pair
One Pair
High Card
High Card
One Pair
One Pair
One Pair
One Pair
One Pair
One Pair
High Card
High Card
High Card
One Pair
One Pair
High Card
Full House
High Card
High Card
One Pair
One Pair
High Card
One Pair
High Card
One Pair
One Pair
One Pair
High Card
High Card
One Pair
One Pair
One Pair
One Pair
High Card
High Card
High Card
One Pair
High Card
One Pair
One Pair
High Card
High Card
High Card
Three of a Kind
High Card
High Card
High Card
High Card
Two Pairs
High Card
High Card
High Card
Two Pairs
High Card
High Card
Two Pairs
One Pair
One Pair
One Pair
High Card
High Card
One Pair
One Pair
One Pair
One Pair
High Card
One Pair
One Pair
High Card
One Pair
One Pair
High Card
Two Pairs
One Pair
Two Pairs
High Card
High Card
One Pair
High Card
One Pair
Two Pairs
High Card
One Pair
One Pair
Three of a Kind
One Pair
High Card
High Card
One Pair
High Card
High Card
High Card
High Card
High Card
High Card
High Card
